#
# There is insufficient memory for the Java Runtime Environment to continue.
# Native memory allocation (malloc) failed to allocate 1140656 bytes for Chunk::new
# Possible reasons:
#   The system is out of physical RAM or swap space
#   The process is running with CompressedOops enabled, and the Java Heap may be blocking the growth of the native heap
# Possible solutions:
#   Reduce memory load on the system
#   Increase physical memory or swap space
#   Check if swap backing store is full
#   Decrease Java heap size (-Xmx/-Xms)
#   Decrease number of Java threads
#   Decrease Java thread stack sizes (-Xss)
#   Set larger code cache with -XX:ReservedCodeCacheSize=
#   JVM is running with Unscaled Compressed Oops mode in which the Java heap is
#     placed in the first 4GB address space. The Java Heap base address is the
#     maximum limit for the native heap growth. Please use -XX:HeapBaseMinAddress
#     to set the Java Heap base and to place the Java Heap above 4GB virtual address.
# This output file may be truncated or incomplete.
#
#  Out of Memory Error (arena.cpp:197), pid=3804, tid=8336
#
# JRE version: OpenJDK Runtime Environment Microsoft-8035250 (11.0.20+8) (build 11.0.20+8-LTS)
# Java VM: OpenJDK 64-Bit Server VM Microsoft-8035250 (11.0.20+8-LTS, mixed mode, tiered, compressed oops, g1 gc, windows-amd64)
# No core dump will be written. Minidumps are not enabled by default on client versions of Windows
#

---------------  S U M M A R Y ------------

Command Line: -XX:MaxMetaspaceSize=512m --add-opens=java.base/java.util=ALL-UNNAMED --add-opens=java.base/java.lang=ALL-UNNAMED --add-opens=java.base/java.lang.invoke=ALL-UNNAMED --add-opens=java.prefs/java.util.prefs=ALL-UNNAMED --add-opens=java.base/java.nio.charset=ALL-UNNAMED --add-opens=java.base/java.net=ALL-UNNAMED --add-opens=java.base/java.util.concurrent.atomic=ALL-UNNAMED -Xmx2048m -Dfile.encoding=windows-1252 -Duser.country=US -Duser.language=en -Duser.variant org.gradle.launcher.daemon.bootstrap.GradleDaemon 8.0.1

Host: Intel(R) Core(TM) i5-6300U CPU @ 2.40GHz, 4 cores, 7G,  Windows 10 , 64 bit Build 19041 (10.0.19041.3570)
Time: Tue Nov 14 17:35:45 2023 Pakistan Standard Time elapsed time: 375.968460 seconds (0d 0h 6m 15s)

---------------  T H R E A D  ---------------

Current thread (0x0000025ccbdc7000):  JavaThread "C2 CompilerThread0" daemon [_thread_in_native, id=8336, stack(0x000000f4e6800000,0x000000f4e6900000)]


Current CompileTask:
C2: 375968 20617       4       java.util.regex.Pattern::compile (498 bytes)

Stack: [0x000000f4e6800000,0x000000f4e6900000]
Native frames: (J=compiled Java code, j=interpreted, Vv=VM code, C=native code)
V  [jvm.dll+0x62e9da]
V  [jvm.dll+0x7bc4e9]
V  [jvm.dll+0x7bdbd8]
V  [jvm.dll+0x7be2b3]
V  [jvm.dll+0x2505a8]
V  [jvm.dll+0xc263c]
V  [jvm.dll+0xc2bfc]
V  [jvm.dll+0x35fd82]
V  [jvm.dll+0x32bf13]
V  [jvm.dll+0x32b24a]
V  [jvm.dll+0x2097e3]
V  [jvm.dll+0x20893d]
V  [jvm.dll+0x18a7de]
V  [jvm.dll+0x2181ec]
V  [jvm.dll+0x21642b]
V  [jvm.dll+0x77efc0]
V  [jvm.dll+0x777db4]
V  [jvm.dll+0x62d845]
C  [ucrtbase.dll+0x21bb2]
C  [KERNEL32.DLL+0x17344]
C  [ntdll.dll+0x526b1]


---------------  P R O C E S S  ---------------

Threads class SMR info:
_java_thread_list=0x0000025cdf741b10, length=93, elements={
0x0000025cad53f000, 0x0000025ccbd9f000, 0x0000025ccbda0800, 0x0000025ccbdc0800,
0x0000025ccbdc3000, 0x0000025ccbdc4000, 0x0000025ccbdc7000, 0x0000025ccbdca800,
0x0000025ccc708800, 0x0000025ccc84b000, 0x0000025ccf10d000, 0x0000025ccd8c7800,
0x0000025cce63f000, 0x0000025ccde0d000, 0x0000025ccdcdb800, 0x0000025cce969000,
0x0000025cce963800, 0x0000025cce966000, 0x0000025cce96a000, 0x0000025cce966800,
0x0000025cce965000, 0x0000025ccebf9800, 0x0000025ccebfb000, 0x0000025ccebfd800,
0x0000025ccec01800, 0x0000025ccec03000, 0x0000025ccec00000, 0x0000025cdfbea000,
0x0000025cd0639000, 0x0000025cd0641000, 0x0000025cd063f000, 0x0000025cd0645800,
0x0000025cd0643800, 0x0000025cdfbee000, 0x0000025cdfbe8800, 0x0000025cdfbec800,
0x0000025cdfbed800, 0x0000025cdfbe9000, 0x0000025cdfbf0000, 0x0000025cdfbf0800,
0x0000025cdfbeb000, 0x0000025cdfbf1800, 0x0000025cdfbeb800, 0x0000025cdfbf6800,
0x0000025cdfbf5800, 0x0000025cdfbf2000, 0x0000025cdfbf4000, 0x0000025cdfbf4800,
0x0000025cd063a000, 0x0000025cd063c800, 0x0000025cd063b800, 0x0000025cd0638800,
0x0000025cd063d000, 0x0000025cd0637800, 0x0000025cd063e000, 0x0000025cd063f800,
0x0000025cd0640800, 0x0000025cd063a800, 0x0000025cd0642000, 0x0000025cd0646000,
0x0000025ccebfe000, 0x0000025ccebff000, 0x0000025ccebfb800, 0x0000025ccec04000,
0x0000025ccec00800, 0x0000025ccec04800, 0x0000025ccec05800, 0x0000025cce968000,
0x0000025cce964000, 0x0000025cce967800, 0x0000025cd0644800, 0x0000025ce34c4000,
0x0000025ce34c2800, 0x0000025ce34c9000, 0x0000025ce34c4800, 0x0000025ce34c5800,
0x0000025ce34c6800, 0x0000025ce34c7000, 0x0000025ce34c8000, 0x0000025ce34c3000,
0x0000025ce34cf800, 0x0000025ce34ce800, 0x0000025ce34cb000, 0x0000025ce34c9800,
0x0000025ce34cd800, 0x0000025ce34cc000, 0x0000025ce34cd000, 0x0000025ce34d0000,
0x0000025ce34ca800, 0x0000025ce34d1000, 0x0000025ce1d47800, 0x0000025ce1d4b000,
0x0000025ce1d48800
}

Java Threads: ( => current thread )
  0x0000025cad53f000 JavaThread "main" [_thread_blocked, id=14464, stack(0x000000f4e5c00000,0x000000f4e5d00000)]
  0x0000025ccbd9f000 JavaThread "Reference Handler" daemon [_thread_blocked, id=1772, stack(0x000000f4e6300000,0x000000f4e6400000)]
  0x0000025ccbda0800 JavaThread "Finalizer" daemon [_thread_blocked, id=19064, stack(0x000000f4e6400000,0x000000f4e6500000)]
  0x0000025ccbdc0800 JavaThread "Signal Dispatcher" daemon [_thread_blocked, id=18996, stack(0x000000f4e6500000,0x000000f4e6600000)]
  0x0000025ccbdc3000 JavaThread "Attach Listener" daemon [_thread_blocked, id=668, stack(0x000000f4e6600000,0x000000f4e6700000)]
  0x0000025ccbdc4000 JavaThread "Service Thread" daemon [_thread_blocked, id=14420, stack(0x000000f4e6700000,0x000000f4e6800000)]
=>0x0000025ccbdc7000 JavaThread "C2 CompilerThread0" daemon [_thread_in_native, id=8336, stack(0x000000f4e6800000,0x000000f4e6900000)]
  0x0000025ccbdca800 JavaThread "C1 CompilerThread0" daemon [_thread_blocked, id=17940, stack(0x000000f4e6900000,0x000000f4e6a00000)]
  0x0000025ccc708800 JavaThread "Sweeper thread" daemon [_thread_blocked, id=5220, stack(0x000000f4e6a00000,0x000000f4e6b00000)]
  0x0000025ccc84b000 JavaThread "Common-Cleaner" daemon [_thread_blocked, id=12716, stack(0x000000f4e6b00000,0x000000f4e6c00000)]
  0x0000025ccf10d000 JavaThread "Daemon health stats" [_thread_blocked, id=2024, stack(0x000000f4e6f00000,0x000000f4e7000000)]
  0x0000025ccd8c7800 JavaThread "Incoming local TCP Connector on port 63769" [_thread_in_native, id=3836, stack(0x000000f4e6e00000,0x000000f4e6f00000)]
  0x0000025cce63f000 JavaThread "Daemon periodic checks" [_thread_blocked, id=15620, stack(0x000000f4e7000000,0x000000f4e7100000)]
  0x0000025ccde0d000 JavaThread "Daemon" [_thread_blocked, id=14584, stack(0x000000f4e7100000,0x000000f4e7200000)]
  0x0000025ccdcdb800 JavaThread "Daemon worker" [_thread_blocked, id=15720, stack(0x000000f4e7400000,0x000000f4e7500000)]
  0x0000025cce969000 JavaThread "Cache worker for journal cache (C:\Users\dell\.gradle\caches\journal-1)" [_thread_blocked, id=10608, stack(0x000000f4e7a00000,0x000000f4e7b00000)]
  0x0000025cce963800 JavaThread "File lock request listener" [_thread_in_native, id=11700, stack(0x000000f4e7b00000,0x000000f4e7c00000)]
  0x0000025cce966000 JavaThread "Cache worker for file hash cache (C:\Users\dell\.gradle\caches\8.0.1\fileHashes)" [_thread_blocked, id=15192, stack(0x000000f4e7c00000,0x000000f4e7d00000)]
  0x0000025cce96a000 JavaThread "File watcher server" daemon [_thread_in_native, id=17684, stack(0x000000f4e7d00000,0x000000f4e7e00000)]
  0x0000025cce966800 JavaThread "File watcher consumer" daemon [_thread_blocked, id=19796, stack(0x000000f4e7e00000,0x000000f4e7f00000)]
  0x0000025cce965000 JavaThread "Cache worker for file content cache (C:\Users\dell\.gradle\caches\8.0.1\fileContent)" [_thread_blocked, id=664, stack(0x000000f4e8100000,0x000000f4e8200000)]
  0x0000025ccebf9800 JavaThread "Cache worker for execution history cache (C:\Users\dell\.gradle\caches\8.0.1\executionHistory)" [_thread_blocked, id=17412, stack(0x000000f4e8400000,0x000000f4e8500000)]
  0x0000025ccebfb000 JavaThread "jar transforms" [_thread_blocked, id=10712, stack(0x000000f4e8500000,0x000000f4e8600000)]
  0x0000025ccebfd800 JavaThread "jar transforms Thread 2" [_thread_blocked, id=8592, stack(0x000000f4e8600000,0x000000f4e8700000)]
  0x0000025ccec01800 JavaThread "jar transforms Thread 3" [_thread_blocked, id=10296, stack(0x000000f4e8700000,0x000000f4e8800000)]
  0x0000025ccec03000 JavaThread "jar transforms Thread 4" [_thread_blocked, id=10024, stack(0x000000f4e8800000,0x000000f4e8900000)]
  0x0000025ccec00000 JavaThread "Cache worker for kotlin-dsl (C:\Users\dell\.gradle\caches\8.0.1\kotlin-dsl)" [_thread_blocked, id=14508, stack(0x000000f4e8b00000,0x000000f4e8c00000)]
  0x0000025cdfbea000 JavaThread "Memory manager" [_thread_blocked, id=18520, stack(0x000000f4ea800000,0x000000f4ea900000)]
  0x0000025cd0639000 JavaThread "RMI Scheduler(0)" daemon [_thread_blocked, id=6332, stack(0x000000f4e5900000,0x000000f4e5a00000)]
  0x0000025cd0641000 JavaThread "RMI RenewClean-[127.0.0.1:17268,org.jetbrains.kotlin.daemon.common.LoopbackNetworkInterface$ClientLoopbackSocketFactory@40ee3bcf]" daemon [_thread_blocked, id=3228, stack(0x000000f4ebc00000,0x000000f4ebd00000)]
  0x0000025cd063f000 JavaThread "RMI GC Daemon" daemon [_thread_blocked, id=16604, stack(0x000000f4ebd00000,0x000000f4ebe00000)]
  0x0000025cd0645800 JavaThread "RMI TCP Accept-0" daemon [_thread_in_native, id=6964, stack(0x000000f4ebf00000,0x000000f4ec000000)]
  0x0000025cd0643800 JavaThread "RMI Reaper" [_thread_blocked, id=12076, stack(0x000000f4ec000000,0x000000f4ec100000)]
  0x0000025cdfbee000 JavaThread "Handler for socket connection from /127.0.0.1:63769 to /127.0.0.1:49243" [_thread_in_native, id=10612, stack(0x000000f4e5a00000,0x000000f4e5b00000)]
  0x0000025cdfbe8800 JavaThread "Cancel handler" [_thread_blocked, id=14376, stack(0x000000f4e5b00000,0x000000f4e5c00000)]
  0x0000025cdfbec800 JavaThread "Asynchronous log dispatcher for DefaultDaemonConnection: socket connection from /127.0.0.1:63769 to /127.0.0.1:49243" [_thread_blocked, id=4728, stack(0x000000f4e7200000,0x000000f4e7300000)]
  0x0000025cdfbed800 JavaThread "Daemon client event forwarder" [_thread_blocked, id=1616, stack(0x000000f4e7500000,0x000000f4e7600000)]
  0x0000025cdfbe9000 JavaThread "Cache worker for checksums cache (G:\Goollooper-App\goollooper-app\android\.gradle\8.0.1\checksums)" [_thread_blocked, id=14300, stack(0x000000f4e7600000,0x000000f4e7700000)]
  0x0000025cdfbf0000 JavaThread "Cache worker for cache directory md-rule (C:\Users\dell\.gradle\caches\8.0.1\md-rule)" [_thread_blocked, id=11580, stack(0x000000f4e7700000,0x000000f4e7800000)]
  0x0000025cdfbf0800 JavaThread "Cache worker for file hash cache (G:\Goollooper-App\goollooper-app\android\.gradle\8.0.1\fileHashes)" [_thread_blocked, id=6900, stack(0x000000f4e7f00000,0x000000f4e8000000)]
  0x0000025cdfbeb000 JavaThread "Cache worker for cache directory md-supplier (C:\Users\dell\.gradle\caches\8.0.1\md-supplier)" [_thread_blocked, id=13120, stack(0x000000f4e8000000,0x000000f4e8100000)]
  0x0000025cdfbf1800 JavaThread "Cache worker for dependencies-accessors (G:\Goollooper-App\goollooper-app\android\.gradle\8.0.1\dependencies-accessors)" [_thread_blocked, id=12020, stack(0x000000f4e8200000,0x000000f4e8300000)]
  0x0000025cdfbeb800 JavaThread "Cache worker for Build Output Cleanup Cache (G:\Goollooper-App\goollooper-app\node_modules\@react-native\gradle-plugin\.gradle\buildOutputCleanup)" [_thread_blocked, id=108, stack(0x000000f4e8300000,0x000000f4e8400000)]
  0x0000025cdfbf6800 JavaThread "Unconstrained build operations" [_thread_blocked, id=11940, stack(0x000000f4e8900000,0x000000f4e8a00000)]
  0x0000025cdfbf5800 JavaThread "Unconstrained build operations Thread 2" [_thread_blocked, id=17848, stack(0x000000f4e8a00000,0x000000f4e8b00000)]
  0x0000025cdfbf2000 JavaThread "Unconstrained build operations Thread 3" [_thread_blocked, id=6620, stack(0x000000f4e8e00000,0x000000f4e8f00000)]
  0x0000025cdfbf4000 JavaThread "Unconstrained build operations Thread 4" [_thread_blocked, id=1800, stack(0x000000f4e8f00000,0x000000f4e9000000)]
  0x0000025cdfbf4800 JavaThread "Unconstrained build operations Thread 5" [_thread_blocked, id=13780, stack(0x000000f4e9000000,0x000000f4e9100000)]
  0x0000025cd063a000 JavaThread "Unconstrained build operations Thread 6" [_thread_blocked, id=6000, stack(0x000000f4e9100000,0x000000f4e9200000)]
  0x0000025cd063c800 JavaThread "Unconstrained build operations Thread 7" [_thread_blocked, id=15856, stack(0x000000f4e9200000,0x000000f4e9300000)]
  0x0000025cd063b800 JavaThread "Unconstrained build operations Thread 8" [_thread_blocked, id=15552, stack(0x000000f4e9300000,0x000000f4e9400000)]
  0x0000025cd0638800 JavaThread "Unconstrained build operations Thread 9" [_thread_blocked, id=18044, stack(0x000000f4e9400000,0x000000f4e9500000)]
  0x0000025cd063d000 JavaThread "Unconstrained build operations Thread 10" [_thread_blocked, id=10100, stack(0x000000f4e9500000,0x000000f4e9600000)]
  0x0000025cd0637800 JavaThread "Unconstrained build operations Thread 11" [_thread_blocked, id=11224, stack(0x000000f4e9600000,0x000000f4e9700000)]
  0x0000025cd063e000 JavaThread "Unconstrained build operations Thread 12" [_thread_blocked, id=15084, stack(0x000000f4e9700000,0x000000f4e9800000)]
  0x0000025cd063f800 JavaThread "Unconstrained build operations Thread 13" [_thread_blocked, id=2524, stack(0x000000f4e9800000,0x000000f4e9900000)]
  0x0000025cd0640800 JavaThread "Unconstrained build operations Thread 14" [_thread_blocked, id=13680, stack(0x000000f4e9900000,0x000000f4e9a00000)]
  0x0000025cd063a800 JavaThread "Unconstrained build operations Thread 15" [_thread_blocked, id=1056, stack(0x000000f4e9a00000,0x000000f4e9b00000)]
  0x0000025cd0642000 JavaThread "Unconstrained build operations Thread 16" [_thread_blocked, id=7792, stack(0x000000f4e9b00000,0x000000f4e9c00000)]
  0x0000025cd0646000 JavaThread "Unconstrained build operations Thread 17" [_thread_blocked, id=14636, stack(0x000000f4e9c00000,0x000000f4e9d00000)]
  0x0000025ccebfe000 JavaThread "Unconstrained build operations Thread 18" [_thread_blocked, id=17428, stack(0x000000f4e9d00000,0x000000f4e9e00000)]
  0x0000025ccebff000 JavaThread "Unconstrained build operations Thread 19" [_thread_blocked, id=12752, stack(0x000000f4e9e00000,0x000000f4e9f00000)]
  0x0000025ccebfb800 JavaThread "Unconstrained build operations Thread 20" [_thread_blocked, id=276, stack(0x000000f4e9f00000,0x000000f4ea000000)]
  0x0000025ccec04000 JavaThread "Unconstrained build operations Thread 21" [_thread_blocked, id=14404, stack(0x000000f4ea000000,0x000000f4ea100000)]
  0x0000025ccec00800 JavaThread "Unconstrained build operations Thread 22" [_thread_blocked, id=19452, stack(0x000000f4ea100000,0x000000f4ea200000)]
  0x0000025ccec04800 JavaThread "Unconstrained build operations Thread 23" [_thread_blocked, id=13424, stack(0x000000f4ea200000,0x000000f4ea300000)]
  0x0000025ccec05800 JavaThread "Unconstrained build operations Thread 24" [_thread_blocked, id=6556, stack(0x000000f4ea300000,0x000000f4ea400000)]
  0x0000025cce968000 JavaThread "Unconstrained build operations Thread 25" [_thread_blocked, id=17552, stack(0x000000f4ea400000,0x000000f4ea500000)]
  0x0000025cce964000 JavaThread "Unconstrained build operations Thread 26" [_thread_blocked, id=8868, stack(0x000000f4ea500000,0x000000f4ea600000)]
  0x0000025cce967800 JavaThread "Cache worker for Build Output Cleanup Cache (G:\Goollooper-App\goollooper-app\android\.gradle\buildOutputCleanup)" [_thread_blocked, id=10840, stack(0x000000f4ea600000,0x000000f4ea700000)]
  0x0000025cd0644800 JavaThread "included builds" [_thread_blocked, id=9348, stack(0x000000f4ea700000,0x000000f4ea800000)]
  0x0000025ce34c4000 JavaThread "Execution worker" [_thread_blocked, id=6616, stack(0x000000f4ea900000,0x000000f4eaa00000)]
  0x0000025ce34c2800 JavaThread "Execution worker Thread 2" [_thread_blocked, id=12912, stack(0x000000f4eaa00000,0x000000f4eab00000)]
  0x0000025ce34c9000 JavaThread "Execution worker Thread 3" [_thread_blocked, id=1040, stack(0x000000f4eab00000,0x000000f4eac00000)]
  0x0000025ce34c4800 JavaThread "Cache worker for execution history cache (G:\Goollooper-App\goollooper-app\node_modules\@react-native\gradle-plugin\.gradle\8.0.1\executionHistory)" [_thread_blocked, id=17556, stack(0x000000f4eac00000,0x000000f4ead00000)]
  0x0000025ce34c5800 JavaThread "Unconstrained build operations Thread 27" [_thread_blocked, id=17852, stack(0x000000f4ead00000,0x000000f4eae00000)]
  0x0000025ce34c6800 JavaThread "Unconstrained build operations Thread 28" [_thread_blocked, id=17832, stack(0x000000f4eae00000,0x000000f4eaf00000)]
  0x0000025ce34c7000 JavaThread "Unconstrained build operations Thread 29" [_thread_blocked, id=15292, stack(0x000000f4eaf00000,0x000000f4eb000000)]
  0x0000025ce34c8000 JavaThread "Unconstrained build operations Thread 30" [_thread_blocked, id=10660, stack(0x000000f4eb000000,0x000000f4eb100000)]
  0x0000025ce34c3000 JavaThread "Unconstrained build operations Thread 31" [_thread_blocked, id=6496, stack(0x000000f4eb100000,0x000000f4eb200000)]
  0x0000025ce34cf800 JavaThread "Unconstrained build operations Thread 32" [_thread_blocked, id=13456, stack(0x000000f4eb200000,0x000000f4eb300000)]
  0x0000025ce34ce800 JavaThread "Unconstrained build operations Thread 33" [_thread_blocked, id=13056, stack(0x000000f4eb300000,0x000000f4eb400000)]
  0x0000025ce34cb000 JavaThread "Unconstrained build operations Thread 34" [_thread_blocked, id=8312, stack(0x000000f4eb400000,0x000000f4eb500000)]
  0x0000025ce34c9800 JavaThread "Unconstrained build operations Thread 35" [_thread_blocked, id=17964, stack(0x000000f4eb500000,0x000000f4eb600000)]
  0x0000025ce34cd800 JavaThread "Unconstrained build operations Thread 36" [_thread_blocked, id=10744, stack(0x000000f4eb600000,0x000000f4eb700000)]
  0x0000025ce34cc000 JavaThread "Unconstrained build operations Thread 37" [_thread_blocked, id=16652, stack(0x000000f4eb700000,0x000000f4eb800000)]
  0x0000025ce34cd000 JavaThread "Unconstrained build operations Thread 38" [_thread_blocked, id=8568, stack(0x000000f4eb800000,0x000000f4eb900000)]
  0x0000025ce34d0000 JavaThread "Unconstrained build operations Thread 39" [_thread_blocked, id=1080, stack(0x000000f4eb900000,0x000000f4eba00000)]
  0x0000025ce34ca800 JavaThread "Unconstrained build operations Thread 40" [_thread_blocked, id=12632, stack(0x000000f4eba00000,0x000000f4ebb00000)]
  0x0000025ce34d1000 JavaThread "WorkerExecutor Queue" [_thread_blocked, id=19828, stack(0x000000f4ebb00000,0x000000f4ebc00000)]
  0x0000025ce1d47800 JavaThread "RMI RenewClean-[127.0.0.1:17967,org.jetbrains.kotlin.daemon.common.LoopbackNetworkInterface$ClientLoopbackSocketFactory@20390b39]" daemon [_thread_blocked, id=19304, stack(0x000000f4ebe00000,0x000000f4ebf00000)]
  0x0000025ce1d4b000 JavaThread "File lock release action executor Thread 2" [_thread_blocked, id=7676, stack(0x000000f4ec400000,0x000000f4ec500000)]
  0x0000025ce1d48800 JavaThread "File lock release action executor Thread 3" [_thread_blocked, id=268, stack(0x000000f4e7300000,0x000000f4e7400000)]

Other Threads:
  0x0000025ccbd9e000 VMThread "VM Thread" [stack: 0x000000f4e6200000,0x000000f4e6300000] [id=16104]
  0x0000025ccc8a1800 WatcherThread [stack: 0x000000f4e6c00000,0x000000f4e6d00000] [id=3008]
  0x0000025cad558800 GCTaskThread "GC Thread#0" [stack: 0x000000f4e5d00000,0x000000f4e5e00000] [id=8360]
  0x0000025ccca86800 GCTaskThread "GC Thread#1" [stack: 0x000000f4e6d00000,0x000000f4e6e00000] [id=17604]
  0x0000025ccec43800 GCTaskThread "GC Thread#2" [stack: 0x000000f4e7800000,0x000000f4e7900000] [id=16176]
  0x0000025ccc729800 GCTaskThread "GC Thread#3" [stack: 0x000000f4e7900000,0x000000f4e7a00000] [id=18276]
  0x0000025cad593000 ConcurrentGCThread "G1 Main Marker" [stack: 0x000000f4e5e00000,0x000000f4e5f00000] [id=2368]
  0x0000025cad594000 ConcurrentGCThread "G1 Conc#0" [stack: 0x000000f4e5f00000,0x000000f4e6000000] [id=5408]
  0x0000025cad614800 ConcurrentGCThread "G1 Refine#0" [stack: 0x000000f4e6000000,0x000000f4e6100000] [id=3176]
  0x0000025cad615800 ConcurrentGCThread "G1 Young RemSet Sampling" [stack: 0x000000f4e6100000,0x000000f4e6200000] [id=6972]

Threads with active compile tasks:
C2 CompilerThread0   376064 20617       4       java.util.regex.Pattern::compile (498 bytes)

VM state:not at safepoint (normal execution)

VM Mutex/Monitor currently owned by a thread: None

Heap address: 0x0000000080000000, size: 2048 MB, Compressed Oops mode: 32-bit
Narrow klass base: 0x0000000000000000, Narrow klass shift: 3
Compressed class space size: 528482304 Address: 0x0000000100000000

Heap:
 garbage-first heap   total 220160K, used 180984K [0x0000000080000000, 0x0000000100000000)
  region size 1024K, 25 young (25600K), 4 survivors (4096K)
 Metaspace       used 169677K, capacity 173388K, committed 173520K, reserved 667648K
  class space    used 20954K, capacity 22397K, committed 22400K, reserved 516096K
Heap Regions: E=young(eden), S=young(survivor), O=old, HS=humongous(starts), HC=humongous(continues), CS=collection set, F=free, A=archive, TAMS=top-at-mark-start (previous, next)
|   0|0x0000000080000000, 0x0000000080100000, 0x0000000080100000|100%| O|  |TAMS 0x0000000080100000, 0x0000000080000000| Untracked 
|   1|0x0000000080100000, 0x0000000080200000, 0x0000000080200000|100%| O|  |TAMS 0x0000000080200000, 0x0000000080100000| Untracked 
|   2|0x0000000080200000, 0x0000000080300000, 0x0000000080300000|100%| O|  |TAMS 0x0000000080300000, 0x0000000080200000| Untracked 
|   3|0x0000000080300000, 0x0000000080400000, 0x0000000080400000|100%|HS|  |TAMS 0x0000000080400000, 0x0000000080300000| Complete 
|   4|0x0000000080400000, 0x0000000080500000, 0x0000000080500000|100%|HC|  |TAMS 0x0000000080500000, 0x0000000080400000| Complete 
|   5|0x0000000080500000, 0x0000000080600000, 0x0000000080600000|100%|HC|  |TAMS 0x0000000080600000, 0x0000000080500000| Complete 
|   6|0x0000000080600000, 0x0000000080700000, 0x0000000080700000|100%|HC|  |TAMS 0x0000000080700000, 0x0000000080600000| Complete 
|   7|0x0000000080700000, 0x0000000080800000, 0x0000000080800000|100%| O|  |TAMS 0x0000000080800000, 0x0000000080700000| Untracked 
|   8|0x0000000080800000, 0x0000000080900000, 0x0000000080900000|100%| O|  |TAMS 0x0000000080900000, 0x0000000080800000| Untracked 
|   9|0x0000000080900000, 0x0000000080a00000, 0x0000000080a00000|100%| O|  |TAMS 0x0000000080a00000, 0x0000000080900000| Untracked 
|  10|0x0000000080a00000, 0x0000000080b00000, 0x0000000080b00000|100%| O|  |TAMS 0x0000000080b00000, 0x0000000080a00000| Untracked 
|  11|0x0000000080b00000, 0x0000000080c00000, 0x0000000080c00000|100%| O|  |TAMS 0x0000000080c00000, 0x0000000080b00000| Untracked 
|  12|0x0000000080c00000, 0x0000000080d00000, 0x0000000080d00000|100%| O|  |TAMS 0x0000000080d00000, 0x0000000080c00000| Untracked 
|  13|0x0000000080d00000, 0x0000000080e00000, 0x0000000080e00000|100%| O|  |TAMS 0x0000000080e00000, 0x0000000080d00000| Untracked 
|  14|0x0000000080e00000, 0x0000000080f00000, 0x0000000080f00000|100%| O|  |TAMS 0x0000000080f00000, 0x0000000080e00000| Untracked 
|  15|0x0000000080f00000, 0x0000000081000000, 0x0000000081000000|100%| O|  |TAMS 0x0000000081000000, 0x0000000080f00000| Untracked 
|  16|0x0000000081000000, 0x0000000081100000, 0x0000000081100000|100%| O|  |TAMS 0x0000000081100000, 0x0000000081000000| Untracked 
|  17|0x0000000081100000, 0x0000000081200000, 0x0000000081200000|100%| O|  |TAMS 0x0000000081200000, 0x0000000081100000| Untracked 
|  18|0x0000000081200000, 0x0000000081300000, 0x0000000081300000|100%| O|  |TAMS 0x0000000081300000, 0x0000000081200000| Untracked 
|  19|0x0000000081300000, 0x0000000081400000, 0x0000000081400000|100%| O|  |TAMS 0x0000000081400000, 0x0000000081300000| Untracked 
|  20|0x0000000081400000, 0x0000000081500000, 0x0000000081500000|100%| O|  |TAMS 0x0000000081500000, 0x0000000081400000| Untracked 
|  21|0x0000000081500000, 0x0000000081600000, 0x0000000081600000|100%| O|  |TAMS 0x0000000081600000, 0x0000000081500000| Untracked 
|  22|0x0000000081600000, 0x0000000081700000, 0x0000000081700000|100%| O|  |TAMS 0x0000000081700000, 0x0000000081600000| Untracked 
|  23|0x0000000081700000, 0x0000000081800000, 0x0000000081800000|100%| O|  |TAMS 0x0000000081800000, 0x0000000081700000| Untracked 
|  24|0x0000000081800000, 0x0000000081900000, 0x0000000081900000|100%| O|  |TAMS 0x0000000081900000, 0x0000000081800000| Untracked 
|  25|0x0000000081900000, 0x0000000081a00000, 0x0000000081a00000|100%| O|  |TAMS 0x0000000081a00000, 0x0000000081900000| Untracked 
|  26|0x0000000081a00000, 0x0000000081b00000, 0x0000000081b00000|100%| O|  |TAMS 0x0000000081b00000, 0x0000000081a00000| Untracked 
|  27|0x0000000081b00000, 0x0000000081c00000, 0x0000000081c00000|100%| O|  |TAMS 0x0000000081c00000, 0x0000000081b00000| Untracked 
|  28|0x0000000081c00000, 0x0000000081d00000, 0x0000000081d00000|100%| O|  |TAMS 0x0000000081d00000, 0x0000000081c00000| Untracked 
|  29|0x0000000081d00000, 0x0000000081e00000, 0x0000000081e00000|100%| O|  |TAMS 0x0000000081e00000, 0x0000000081d00000| Untracked 
|  30|0x0000000081e00000, 0x0000000081f00000, 0x0000000081f00000|100%| O|  |TAMS 0x0000000081f00000, 0x0000000081e00000| Untracked 
|  31|0x0000000081f00000, 0x0000000082000000, 0x0000000082000000|100%|HS|  |TAMS 0x0000000082000000, 0x0000000081f00000| Complete 
|  32|0x0000000082000000, 0x0000000082100000, 0x0000000082100000|100%|HC|  |TAMS 0x0000000082100000, 0x0000000082000000| Complete 
|  33|0x0000000082100000, 0x0000000082200000, 0x0000000082200000|100%|HC|  |TAMS 0x0000000082200000, 0x0000000082100000| Complete 
|  34|0x0000000082200000, 0x0000000082300000, 0x0000000082300000|100%|HC|  |TAMS 0x0000000082300000, 0x0000000082200000| Complete 
|  35|0x0000000082300000, 0x0000000082400000, 0x0000000082400000|100%| O|  |TAMS 0x0000000082400000, 0x0000000082300000| Untracked 
|  36|0x0000000082400000, 0x0000000082500000, 0x0000000082500000|100%| O|  |TAMS 0x0000000082500000, 0x0000000082400000| Untracked 
|  37|0x0000000082500000, 0x0000000082600000, 0x0000000082600000|100%| O|  |TAMS 0x0000000082600000, 0x0000000082500000| Untracked 
|  38|0x0000000082600000, 0x0000000082700000, 0x0000000082700000|100%| O|  |TAMS 0x0000000082600000, 0x0000000082600000| Untracked 
|  39|0x0000000082700000, 0x0000000082800000, 0x0000000082800000|100%| O|  |TAMS 0x0000000082700000, 0x0000000082700000| Untracked 
|  40|0x0000000082800000, 0x0000000082900000, 0x0000000082900000|100%| O|  |TAMS 0x0000000082800000, 0x0000000082800000| Untracked 
|  41|0x0000000082900000, 0x0000000082a00000, 0x0000000082a00000|100%| O|  |TAMS 0x0000000082900000, 0x0000000082900000| Untracked 
|  42|0x0000000082a00000, 0x0000000082b00000, 0x0000000082b00000|100%| O|  |TAMS 0x0000000082a00000, 0x0000000082a00000| Untracked 
|  43|0x0000000082b00000, 0x0000000082c00000, 0x0000000082c00000|100%| O|  |TAMS 0x0000000082b00000, 0x0000000082b00000| Untracked 
|  44|0x0000000082c00000, 0x0000000082d00000, 0x0000000082d00000|100%| O|  |TAMS 0x0000000082d00000, 0x0000000082c00000| Untracked 
|  45|0x0000000082d00000, 0x0000000082e00000, 0x0000000082e00000|100%| O|  |TAMS 0x0000000082e00000, 0x0000000082d00000| Untracked 
|  46|0x0000000082e00000, 0x0000000082f00000, 0x0000000082f00000|100%| O|  |TAMS 0x0000000082f00000, 0x0000000082e00000| Untracked 
|  47|0x0000000082f00000, 0x0000000083000000, 0x0000000083000000|100%| O|  |TAMS 0x0000000083000000, 0x0000000082f00000| Untracked 
|  48|0x0000000083000000, 0x0000000083100000, 0x0000000083100000|100%| O|  |TAMS 0x0000000083100000, 0x0000000083000000| Untracked 
|  49|0x0000000083100000, 0x0000000083200000, 0x0000000083200000|100%| O|  |TAMS 0x0000000083200000, 0x0000000083100000| Untracked 
|  50|0x0000000083200000, 0x0000000083300000, 0x0000000083300000|100%| O|  |TAMS 0x0000000083300000, 0x0000000083200000| Untracked 
|  51|0x0000000083300000, 0x0000000083400000, 0x0000000083400000|100%| O|  |TAMS 0x0000000083400000, 0x0000000083300000| Untracked 
|  52|0x0000000083400000, 0x0000000083500000, 0x0000000083500000|100%| O|  |TAMS 0x0000000083500000, 0x0000000083400000| Untracked 
|  53|0x0000000083500000, 0x0000000083600000, 0x0000000083600000|100%| O|  |TAMS 0x0000000083600000, 0x0000000083500000| Untracked 
|  54|0x0000000083600000, 0x0000000083700000, 0x0000000083700000|100%| O|  |TAMS 0x0000000083700000, 0x0000000083600000| Untracked 
|  55|0x0000000083700000, 0x0000000083800000, 0x0000000083800000|100%| O|  |TAMS 0x0000000083800000, 0x0000000083700000| Untracked 
|  56|0x0000000083800000, 0x0000000083900000, 0x0000000083900000|100%| O|  |TAMS 0x0000000083900000, 0x0000000083800000| Untracked 
|  57|0x0000000083900000, 0x0000000083a00000, 0x0000000083a00000|100%| O|  |TAMS 0x0000000083a00000, 0x0000000083900000| Untracked 
|  58|0x0000000083a00000, 0x0000000083b00000, 0x0000000083b00000|100%| O|  |TAMS 0x0000000083b00000, 0x0000000083a00000| Untracked 
|  59|0x0000000083b00000, 0x0000000083c00000, 0x0000000083c00000|100%| O|  |TAMS 0x0000000083c00000, 0x0000000083b00000| Untracked 
|  60|0x0000000083c00000, 0x0000000083d00000, 0x0000000083d00000|100%| O|  |TAMS 0x0000000083d00000, 0x0000000083c00000| Untracked 
|  61|0x0000000083d00000, 0x0000000083e00000, 0x0000000083e00000|100%| O|  |TAMS 0x0000000083e00000, 0x0000000083d00000| Untracked 
|  62|0x0000000083e00000, 0x0000000083f00000, 0x0000000083f00000|100%| O|  |TAMS 0x0000000083f00000, 0x0000000083e00000| Untracked 
|  63|0x0000000083f00000, 0x0000000084000000, 0x0000000084000000|100%| O|  |TAMS 0x0000000084000000, 0x0000000083f00000| Untracked 
|  64|0x0000000084000000, 0x0000000084100000, 0x0000000084100000|100%| O|  |TAMS 0x0000000084100000, 0x0000000084000000| Untracked 
|  65|0x0000000084100000, 0x0000000084200000, 0x0000000084200000|100%| O|  |TAMS 0x0000000084200000, 0x0000000084100000| Untracked 
|  66|0x0000000084200000, 0x0000000084300000, 0x0000000084300000|100%| O|  |TAMS 0x0000000084300000, 0x0000000084200000| Untracked 
|  67|0x0000000084300000, 0x0000000084400000, 0x0000000084400000|100%| O|  |TAMS 0x0000000084400000, 0x0000000084300000| Untracked 
|  68|0x0000000084400000, 0x0000000084500000, 0x0000000084500000|100%| O|  |TAMS 0x0000000084500000, 0x0000000084400000| Untracked 
|  69|0x0000000084500000, 0x0000000084600000, 0x0000000084600000|100%| O|  |TAMS 0x0000000084600000, 0x0000000084500000| Untracked 
|  70|0x0000000084600000, 0x0000000084700000, 0x0000000084700000|100%| O|  |TAMS 0x0000000084700000, 0x0000000084600000| Untracked 
|  71|0x0000000084700000, 0x0000000084800000, 0x0000000084800000|100%| O|  |TAMS 0x0000000084800000, 0x0000000084700000| Untracked 
|  72|0x0000000084800000, 0x0000000084900000, 0x0000000084900000|100%| O|  |TAMS 0x0000000084900000, 0x0000000084800000| Untracked 
|  73|0x0000000084900000, 0x0000000084a00000, 0x0000000084a00000|100%| O|  |TAMS 0x0000000084a00000, 0x0000000084900000| Untracked 
|  74|0x0000000084a00000, 0x0000000084b00000, 0x0000000084b00000|100%| O|  |TAMS 0x0000000084b00000, 0x0000000084a00000| Untracked 
|  75|0x0000000084b00000, 0x0000000084c00000, 0x0000000084c00000|100%| O|  |TAMS 0x0000000084c00000, 0x0000000084b00000| Untracked 
|  76|0x0000000084c00000, 0x0000000084d00000, 0x0000000084d00000|100%| O|  |TAMS 0x0000000084d00000, 0x0000000084c00000| Untracked 
|  77|0x0000000084d00000, 0x0000000084e00000, 0x0000000084e00000|100%| O|  |TAMS 0x0000000084e00000, 0x0000000084d00000| Untracked 
|  78|0x0000000084e00000, 0x0000000084f00000, 0x0000000084f00000|100%| O|  |TAMS 0x0000000084f00000, 0x0000000084e00000| Untracked 
|  79|0x0000000084f00000, 0x0000000085000000, 0x0000000085000000|100%| O|  |TAMS 0x0000000084f5fa00, 0x0000000084f00000| Untracked 
|  80|0x0000000085000000, 0x0000000085100000, 0x0000000085100000|100%| O|  |TAMS 0x0000000085000000, 0x0000000085000000| Untracked 
|  81|0x0000000085100000, 0x0000000085200000, 0x0000000085200000|100%| O|  |TAMS 0x0000000085100000, 0x0000000085100000| Untracked 
|  82|0x0000000085200000, 0x0000000085300000, 0x0000000085300000|100%| O|  |TAMS 0x0000000085200000, 0x0000000085200000| Untracked 
|  83|0x0000000085300000, 0x0000000085400000, 0x0000000085400000|100%| O|  |TAMS 0x0000000085300000, 0x0000000085300000| Untracked 
|  84|0x0000000085400000, 0x0000000085500000, 0x0000000085500000|100%|HS|  |TAMS 0x0000000085400000, 0x0000000085400000| Complete 
|  85|0x0000000085500000, 0x0000000085600000, 0x0000000085600000|100%|HC|  |TAMS 0x0000000085500000, 0x0000000085500000| Complete 
|  86|0x0000000085600000, 0x0000000085700000, 0x0000000085700000|100%| O|  |TAMS 0x0000000085600000, 0x0000000085600000| Untracked 
|  87|0x0000000085700000, 0x0000000085800000, 0x0000000085800000|100%| O|  |TAMS 0x0000000085800000, 0x0000000085700000| Untracked 
|  88|0x0000000085800000, 0x0000000085900000, 0x0000000085900000|100%| O|  |TAMS 0x0000000085900000, 0x0000000085800000| Untracked 
|  89|0x0000000085900000, 0x0000000085a00000, 0x0000000085a00000|100%| O|  |TAMS 0x0000000085a00000, 0x0000000085900000| Untracked 
|  90|0x0000000085a00000, 0x0000000085b00000, 0x0000000085b00000|100%|HS|  |TAMS 0x0000000085a00000, 0x0000000085a00000| Complete 
|  91|0x0000000085b00000, 0x0000000085c00000, 0x0000000085c00000|100%|HC|  |TAMS 0x0000000085b00000, 0x0000000085b00000| Complete 
|  92|0x0000000085c00000, 0x0000000085d00000, 0x0000000085d00000|100%|HC|  |TAMS 0x0000000085c00000, 0x0000000085c00000| Complete 
|  93|0x0000000085d00000, 0x0000000085e00000, 0x0000000085e00000|100%|HC|  |TAMS 0x0000000085d00000, 0x0000000085d00000| Complete 
|  94|0x0000000085e00000, 0x0000000085f00000, 0x0000000085f00000|100%| O|  |TAMS 0x0000000085e00000, 0x0000000085e00000| Untracked 
|  95|0x0000000085f00000, 0x0000000086000000, 0x0000000086000000|100%| O|  |TAMS 0x0000000085f00000, 0x0000000085f00000| Untracked 
|  96|0x0000000086000000, 0x0000000086100000, 0x0000000086100000|100%| O|  |TAMS 0x0000000086000000, 0x0000000086000000| Untracked 
|  97|0x0000000086100000, 0x0000000086200000, 0x0000000086200000|100%| O|  |TAMS 0x0000000086100000, 0x0000000086100000| Untracked 
|  98|0x0000000086200000, 0x0000000086300000, 0x0000000086300000|100%| O|  |TAMS 0x0000000086200000, 0x0000000086200000| Untracked 
|  99|0x0000000086300000, 0x0000000086400000, 0x0000000086400000|100%| O|  |TAMS 0x0000000086300000, 0x0000000086300000| Untracked 
| 100|0x0000000086400000, 0x0000000086500000, 0x0000000086500000|100%| O|  |TAMS 0x0000000086400000, 0x0000000086400000| Untracked 
| 101|0x0000000086500000, 0x0000000086600000, 0x0000000086600000|100%| O|  |TAMS 0x0000000086500000, 0x0000000086500000| Untracked 
| 102|0x0000000086600000, 0x0000000086700000, 0x0000000086700000|100%| O|  |TAMS 0x0000000086600000, 0x0000000086600000| Untracked 
| 103|0x0000000086700000, 0x0000000086800000, 0x0000000086800000|100%| O|  |TAMS 0x0000000086700000, 0x0000000086700000| Untracked 
| 104|0x0000000086800000, 0x0000000086900000, 0x0000000086900000|100%| O|  |TAMS 0x0000000086800000, 0x0000000086800000| Untracked 
| 105|0x0000000086900000, 0x0000000086a00000, 0x0000000086a00000|100%| O|  |TAMS 0x0000000086900000, 0x0000000086900000| Untracked 
| 106|0x0000000086a00000, 0x0000000086b00000, 0x0000000086b00000|100%| O|  |TAMS 0x0000000086a00000, 0x0000000086a00000| Untracked 
| 107|0x0000000086b00000, 0x0000000086c00000, 0x0000000086c00000|100%| O|  |TAMS 0x0000000086b00000, 0x0000000086b00000| Untracked 
| 108|0x0000000086c00000, 0x0000000086d00000, 0x0000000086d00000|100%| O|  |TAMS 0x0000000086c00000, 0x0000000086c00000| Untracked 
| 109|0x0000000086d00000, 0x0000000086e00000, 0x0000000086e00000|100%| O|  |TAMS 0x0000000086d00000, 0x0000000086d00000| Untracked 
| 110|0x0000000086e00000, 0x0000000086f00000, 0x0000000086f00000|100%| O|  |TAMS 0x0000000086e00000, 0x0000000086e00000| Untracked 
| 111|0x0000000086f00000, 0x0000000087000000, 0x0000000087000000|100%| O|  |TAMS 0x0000000086f00000, 0x0000000086f00000| Untracked 
| 112|0x0000000087000000, 0x0000000087100000, 0x0000000087100000|100%| O|  |TAMS 0x0000000087000000, 0x0000000087000000| Untracked 
| 113|0x0000000087100000, 0x0000000087200000, 0x0000000087200000|100%| O|  |TAMS 0x0000000087100000, 0x0000000087100000| Untracked 
| 114|0x0000000087200000, 0x0000000087300000, 0x0000000087300000|100%| O|  |TAMS 0x0000000087200000, 0x0000000087200000| Untracked 
| 115|0x0000000087300000, 0x0000000087400000, 0x0000000087400000|100%| O|  |TAMS 0x0000000087300000, 0x0000000087300000| Untracked 
| 116|0x0000000087400000, 0x0000000087500000, 0x0000000087500000|100%| O|  |TAMS 0x0000000087400000, 0x0000000087400000| Untracked 
| 117|0x0000000087500000, 0x0000000087600000, 0x0000000087600000|100%| O|  |TAMS 0x0000000087500000, 0x0000000087500000| Untracked 
| 118|0x0000000087600000, 0x0000000087700000, 0x0000000087700000|100%| O|  |TAMS 0x0000000087600000, 0x0000000087600000| Untracked 
| 119|0x0000000087700000, 0x0000000087800000, 0x0000000087800000|100%| O|  |TAMS 0x0000000087700000, 0x0000000087700000| Untracked 
| 120|0x0000000087800000, 0x0000000087900000, 0x0000000087900000|100%| O|  |TAMS 0x0000000087800000, 0x0000000087800000| Untracked 
| 121|0x0000000087900000, 0x0000000087a00000, 0x0000000087a00000|100%| O|  |TAMS 0x0000000087900000, 0x0000000087900000| Untracked 
| 122|0x0000000087a00000, 0x0000000087b00000, 0x0000000087b00000|100%| O|  |TAMS 0x0000000087a00000, 0x0000000087a00000| Untracked 
| 123|0x0000000087b00000, 0x0000000087c00000, 0x0000000087c00000|100%| O|  |TAMS 0x0000000087b00000, 0x0000000087b00000| Untracked 
| 124|0x0000000087c00000, 0x0000000087d00000, 0x0000000087d00000|100%| O|  |TAMS 0x0000000087c00000, 0x0000000087c00000| Untracked 
| 125|0x0000000087d00000, 0x0000000087e00000, 0x0000000087e00000|100%| O|  |TAMS 0x0000000087d00000, 0x0000000087d00000| Untracked 
| 126|0x0000000087e00000, 0x0000000087f00000, 0x0000000087f00000|100%| O|  |TAMS 0x0000000087e00000, 0x0000000087e00000| Untracked 
| 127|0x0000000087f00000, 0x0000000088000000, 0x0000000088000000|100%| O|  |TAMS 0x0000000087f00000, 0x0000000087f00000| Untracked 
| 128|0x0000000088000000, 0x0000000088100000, 0x0000000088100000|100%|HS|  |TAMS 0x0000000088000000, 0x0000000088000000| Complete 
| 129|0x0000000088100000, 0x0000000088200000, 0x0000000088200000|100%|HS|  |TAMS 0x0000000088100000, 0x0000000088100000| Complete 
| 130|0x0000000088200000, 0x0000000088300000, 0x0000000088300000|100%| O|  |TAMS 0x0000000088200000, 0x0000000088200000| Untracked 
| 131|0x0000000088300000, 0x0000000088400000, 0x0000000088400000|100%| O|  |TAMS 0x0000000088300000, 0x0000000088300000| Untracked 
| 132|0x0000000088400000, 0x0000000088500000, 0x0000000088500000|100%| O|  |TAMS 0x0000000088400000, 0x0000000088400000| Untracked 
| 133|0x0000000088500000, 0x0000000088600000, 0x0000000088600000|100%| O|  |TAMS 0x0000000088500000, 0x0000000088500000| Untracked 
| 134|0x0000000088600000, 0x0000000088700000, 0x0000000088700000|100%| O|  |TAMS 0x0000000088600000, 0x0000000088600000| Untracked 
| 135|0x0000000088700000, 0x0000000088800000, 0x0000000088800000|100%| O|  |TAMS 0x0000000088700000, 0x0000000088700000| Untracked 
| 136|0x0000000088800000, 0x0000000088900000, 0x0000000088900000|100%| O|  |TAMS 0x0000000088800000, 0x0000000088800000| Untracked 
| 137|0x0000000088900000, 0x0000000088a00000, 0x0000000088a00000|100%| O|  |TAMS 0x0000000088900000, 0x0000000088900000| Untracked 
| 138|0x0000000088a00000, 0x0000000088b00000, 0x0000000088b00000|100%| O|  |TAMS 0x0000000088a00000, 0x0000000088a00000| Untracked 
| 139|0x0000000088b00000, 0x0000000088c00000, 0x0000000088c00000|100%| O|  |TAMS 0x0000000088b00000, 0x0000000088b00000| Untracked 
| 140|0x0000000088c00000, 0x0000000088d00000, 0x0000000088d00000|100%| O|  |TAMS 0x0000000088c00000, 0x0000000088c00000| Untracked 
| 141|0x0000000088d00000, 0x0000000088e00000, 0x0000000088e00000|100%| O|  |TAMS 0x0000000088d00000, 0x0000000088d00000| Untracked 
| 142|0x0000000088e00000, 0x0000000088f00000, 0x0000000088f00000|100%| O|  |TAMS 0x0000000088e00000, 0x0000000088e00000| Untracked 
| 143|0x0000000088f00000, 0x0000000089000000, 0x0000000089000000|100%| O|  |TAMS 0x0000000088f00000, 0x0000000088f00000| Untracked 
| 144|0x0000000089000000, 0x0000000089100000, 0x0000000089100000|100%| O|  |TAMS 0x0000000089000000, 0x0000000089000000| Untracked 
| 145|0x0000000089100000, 0x0000000089200000, 0x0000000089200000|100%| O|  |TAMS 0x0000000089100000, 0x0000000089100000| Untracked 
| 146|0x0000000089200000, 0x0000000089300000, 0x0000000089300000|100%| O|  |TAMS 0x0000000089200000, 0x0000000089200000| Untracked 
| 147|0x0000000089300000, 0x0000000089400000, 0x0000000089400000|100%| O|  |TAMS 0x0000000089300000, 0x0000000089300000| Untracked 
| 148|0x0000000089400000, 0x0000000089500000, 0x0000000089500000|100%| O|  |TAMS 0x0000000089400000, 0x0000000089400000| Untracked 
| 149|0x0000000089500000, 0x0000000089600000, 0x0000000089600000|100%| O|  |TAMS 0x0000000089500000, 0x0000000089500000| Untracked 
| 150|0x0000000089600000, 0x0000000089700000, 0x0000000089700000|100%| O|  |TAMS 0x0000000089600000, 0x0000000089600000| Untracked 
| 151|0x0000000089700000, 0x0000000089800000, 0x0000000089800000|100%| O|  |TAMS 0x0000000089700000, 0x0000000089700000| Untracked 
| 152|0x0000000089800000, 0x0000000089900000, 0x0000000089900000|100%| O|  |TAMS 0x0000000089800000, 0x0000000089800000| Untracked 
| 153|0x0000000089900000, 0x0000000089a00000, 0x0000000089a00000|100%| O|  |TAMS 0x0000000089900000, 0x0000000089900000| Untracked 
| 154|0x0000000089a00000, 0x0000000089a60c00, 0x0000000089b00000| 37%| O|  |TAMS 0x0000000089a00000, 0x0000000089a00000| Untracked 
| 155|0x0000000089b00000, 0x0000000089b00000, 0x0000000089c00000|  0%| F|  |TAMS 0x0000000089b00000, 0x0000000089b00000| Untracked 
| 156|0x0000000089c00000, 0x0000000089c00000, 0x0000000089d00000|  0%| F|  |TAMS 0x0000000089c00000, 0x0000000089c00000| Untracked 
| 157|0x0000000089d00000, 0x0000000089d00000, 0x0000000089e00000|  0%| F|  |TAMS 0x0000000089d00000, 0x0000000089d00000| Untracked 
| 158|0x0000000089e00000, 0x0000000089e00000, 0x0000000089f00000|  0%| F|  |TAMS 0x0000000089e00000, 0x0000000089e00000| Untracked 
| 159|0x0000000089f00000, 0x0000000089f00000, 0x000000008a000000|  0%| F|  |TAMS 0x0000000089f00000, 0x0000000089f00000| Untracked 
| 160|0x000000008a000000, 0x000000008a000000, 0x000000008a100000|  0%| F|  |TAMS 0x000000008a000000, 0x000000008a000000| Untracked 
| 161|0x000000008a100000, 0x000000008a100000, 0x000000008a200000|  0%| F|  |TAMS 0x000000008a100000, 0x000000008a100000| Untracked 
| 162|0x000000008a200000, 0x000000008a200000, 0x000000008a300000|  0%| F|  |TAMS 0x000000008a200000, 0x000000008a200000| Untracked 
| 163|0x000000008a300000, 0x000000008a300000, 0x000000008a400000|  0%| F|  |TAMS 0x000000008a300000, 0x000000008a300000| Untracked 
| 164|0x000000008a400000, 0x000000008a400000, 0x000000008a500000|  0%| F|  |TAMS 0x000000008a400000, 0x000000008a400000| Untracked 
| 165|0x000000008a500000, 0x000000008a500000, 0x000000008a600000|  0%| F|  |TAMS 0x000000008a500000, 0x000000008a500000| Untracked 
| 166|0x000000008a600000, 0x000000008a600000, 0x000000008a700000|  0%| F|  |TAMS 0x000000008a600000, 0x000000008a600000| Untracked 
| 167|0x000000008a700000, 0x000000008a700000, 0x000000008a800000|  0%| F|  |TAMS 0x000000008a700000, 0x000000008a700000| Untracked 
| 168|0x000000008a800000, 0x000000008a800000, 0x000000008a900000|  0%| F|  |TAMS 0x000000008a800000, 0x000000008a800000| Untracked 
| 169|0x000000008a900000, 0x000000008a900000, 0x000000008aa00000|  0%| F|  |TAMS 0x000000008a900000, 0x000000008a900000| Untracked 
| 170|0x000000008aa00000, 0x000000008aa00000, 0x000000008ab00000|  0%| F|  |TAMS 0x000000008aa00000, 0x000000008aa00000| Untracked 
| 171|0x000000008ab00000, 0x000000008ab00000, 0x000000008ac00000|  0%| F|  |TAMS 0x000000008ab00000, 0x000000008ab00000| Untracked 
| 172|0x000000008ac00000, 0x000000008ac00000, 0x000000008ad00000|  0%| F|  |TAMS 0x000000008ac00000, 0x000000008ac00000| Untracked 
| 173|0x000000008ad00000, 0x000000008ad00000, 0x000000008ae00000|  0%| F|  |TAMS 0x000000008ad00000, 0x000000008ad00000| Untracked 
| 174|0x000000008ae00000, 0x000000008ae00000, 0x000000008af00000|  0%| F|  |TAMS 0x000000008ae00000, 0x000000008ae00000| Untracked 
| 175|0x000000008af00000, 0x000000008af00000, 0x000000008b000000|  0%| F|  |TAMS 0x000000008af00000, 0x000000008af00000| Untracked 
| 176|0x000000008b000000, 0x000000008b000000, 0x000000008b100000|  0%| F|  |TAMS 0x000000008b000000, 0x000000008b000000| Untracked 
| 177|0x000000008b100000, 0x000000008b15d6d0, 0x000000008b200000| 36%| S|CS|TAMS 0x000000008b100000, 0x000000008b100000| Complete 
| 178|0x000000008b200000, 0x000000008b300000, 0x000000008b300000|100%| S|CS|TAMS 0x000000008b200000, 0x000000008b200000| Complete 
| 179|0x000000008b300000, 0x000000008b300000, 0x000000008b400000|  0%| F|  |TAMS 0x000000008b300000, 0x000000008b300000| Untracked 
| 180|0x000000008b400000, 0x000000008b400000, 0x000000008b500000|  0%| F|  |TAMS 0x000000008b400000, 0x000000008b400000| Untracked 
| 181|0x000000008b500000, 0x000000008b500000, 0x000000008b600000|  0%| F|  |TAMS 0x000000008b500000, 0x000000008b500000| Untracked 
| 182|0x000000008b600000, 0x000000008b700000, 0x000000008b700000|100%| S|CS|TAMS 0x000000008b600000, 0x000000008b600000| Complete 
| 183|0x000000008b700000, 0x000000008b800000, 0x000000008b800000|100%| S|CS|TAMS 0x000000008b700000, 0x000000008b700000| Complete 
| 184|0x000000008b800000, 0x000000008b800000, 0x000000008b900000|  0%| F|  |TAMS 0x000000008b800000, 0x000000008b800000| Untracked 
| 185|0x000000008b900000, 0x000000008b900000, 0x000000008ba00000|  0%| F|  |TAMS 0x000000008b900000, 0x000000008b900000| Untracked 
| 186|0x000000008ba00000, 0x000000008ba00000, 0x000000008bb00000|  0%| F|  |TAMS 0x000000008ba00000, 0x000000008ba00000| Untracked 
| 187|0x000000008bb00000, 0x000000008bb00000, 0x000000008bc00000|  0%| F|  |TAMS 0x000000008bb00000, 0x000000008bb00000| Untracked 
| 188|0x000000008bc00000, 0x000000008bc00000, 0x000000008bd00000|  0%| F|  |TAMS 0x000000008bc00000, 0x000000008bc00000| Untracked 
| 189|0x000000008bd00000, 0x000000008bd00000, 0x000000008be00000|  0%| F|  |TAMS 0x000000008bd00000, 0x000000008bd00000| Untracked 
| 190|0x000000008be00000, 0x000000008be00000, 0x000000008bf00000|  0%| F|  |TAMS 0x000000008be00000, 0x000000008be00000| Untracked 
| 191|0x000000008bf00000, 0x000000008bf00000, 0x000000008c000000|  0%| F|  |TAMS 0x000000008bf00000, 0x000000008bf00000| Untracked 
| 192|0x000000008c000000, 0x000000008c000000, 0x000000008c100000|  0%| F|  |TAMS 0x000000008c000000, 0x000000008c000000| Untracked 
| 193|0x000000008c100000, 0x000000008c100000, 0x000000008c200000|  0%| F|  |TAMS 0x000000008c100000, 0x000000008c100000| Untracked 
| 194|0x000000008c200000, 0x000000008c27e888, 0x000000008c300000| 49%| E|  |TAMS 0x000000008c200000, 0x000000008c200000| Complete 
| 195|0x000000008c300000, 0x000000008c400000, 0x000000008c400000|100%| E|CS|TAMS 0x000000008c300000, 0x000000008c300000| Complete 
| 196|0x000000008c400000, 0x000000008c500000, 0x000000008c500000|100%| E|CS|TAMS 0x000000008c400000, 0x000000008c400000| Complete 
| 197|0x000000008c500000, 0x000000008c600000, 0x000000008c600000|100%| E|CS|TAMS 0x000000008c500000, 0x000000008c500000| Complete 
| 198|0x000000008c600000, 0x000000008c700000, 0x000000008c700000|100%| E|CS|TAMS 0x000000008c600000, 0x000000008c600000| Complete 
| 199|0x000000008c700000, 0x000000008c800000, 0x000000008c800000|100%| E|  |TAMS 0x000000008c700000, 0x000000008c700000| Complete 
| 200|0x000000008c800000, 0x000000008c900000, 0x000000008c900000|100%| E|CS|TAMS 0x000000008c800000, 0x000000008c800000| Complete 
| 201|0x000000008c900000, 0x000000008ca00000, 0x000000008ca00000|100%| E|CS|TAMS 0x000000008c900000, 0x000000008c900000| Complete 
| 202|0x000000008ca00000, 0x000000008cb00000, 0x000000008cb00000|100%| E|CS|TAMS 0x000000008ca00000, 0x000000008ca00000| Complete 
| 203|0x000000008cb00000, 0x000000008cc00000, 0x000000008cc00000|100%| E|CS|TAMS 0x000000008cb00000, 0x000000008cb00000| Complete 
| 204|0x000000008cc00000, 0x000000008cd00000, 0x000000008cd00000|100%| E|CS|TAMS 0x000000008cc00000, 0x000000008cc00000| Complete 
| 205|0x000000008cd00000, 0x000000008ce00000, 0x000000008ce00000|100%| E|CS|TAMS 0x000000008cd00000, 0x000000008cd00000| Complete 
| 206|0x000000008ce00000, 0x000000008cf00000, 0x000000008cf00000|100%| E|CS|TAMS 0x000000008ce00000, 0x000000008ce00000| Complete 
| 207|0x000000008cf00000, 0x000000008d000000, 0x000000008d000000|100%| E|CS|TAMS 0x000000008cf00000, 0x000000008cf00000| Complete 
| 208|0x000000008d000000, 0x000000008d100000, 0x000000008d100000|100%| E|CS|TAMS 0x000000008d000000, 0x000000008d000000| Complete 
| 209|0x000000008d100000, 0x000000008d200000, 0x000000008d200000|100%| E|CS|TAMS 0x000000008d100000, 0x000000008d100000| Complete 
| 210|0x000000008d200000, 0x000000008d300000, 0x000000008d300000|100%| E|CS|TAMS 0x000000008d200000, 0x000000008d200000| Complete 
| 211|0x000000008d300000, 0x000000008d400000, 0x000000008d400000|100%| E|CS|TAMS 0x000000008d300000, 0x000000008d300000| Complete 
| 212|0x000000008d400000, 0x000000008d500000, 0x000000008d500000|100%| E|CS|TAMS 0x000000008d400000, 0x000000008d400000| Complete 
| 213|0x000000008d500000, 0x000000008d600000, 0x000000008d600000|100%| E|CS|TAMS 0x000000008d500000, 0x000000008d500000| Complete 
| 214|0x000000008d600000, 0x000000008d700000, 0x000000008d700000|100%| E|CS|TAMS 0x000000008d600000, 0x000000008d600000| Complete 

Card table byte_map: [0x0000025cc50c0000,0x0000025cc54c0000] _byte_map_base: 0x0000025cc4cc0000

Marking Bits (Prev, Next): (CMBitMap*) 0x0000025cad589f80, (CMBitMap*) 0x0000025cad589f48
 Prev Bits: [0x0000025cc78c0000, 0x0000025cc98c0000)
 Next Bits: [0x0000025cc58c0000, 0x0000025cc78c0000)

Polling page: 0x0000025cab560000

Metaspace:

Usage:
  Non-class:    147.45 MB capacity,   145.24 MB ( 98%) used,     1.78 MB (  1%) free+waste,   445.06 KB ( <1%) overhead. 
      Class:     21.87 MB capacity,    20.46 MB ( 94%) used,     1.21 MB (  6%) free+waste,   200.25 KB ( <1%) overhead. 
       Both:    169.32 MB capacity,   165.70 MB ( 98%) used,     2.99 MB (  2%) free+waste,   645.31 KB ( <1%) overhead. 

Virtual space:
  Non-class space:      148.00 MB reserved,     147.58 MB (>99%) committed 
      Class space:      504.00 MB reserved,      21.88 MB (  4%) committed 
             Both:      652.00 MB reserved,     169.45 MB ( 26%) committed 

Chunk freelists:
   Non-Class:  1.00 KB
       Class:  3.00 KB
        Both:  4.00 KB

MaxMetaspaceSize: 512.00 MB
CompressedClassSpaceSize: 504.00 MB
Initial GC threshold: 20.80 MB
Current GC threshold: 203.46 MB
CDS: off

CodeHeap 'non-profiled nmethods': size=120064Kb used=13421Kb max_used=13421Kb free=106642Kb
 bounds [0x0000025cbd780000, 0x0000025cbe4a0000, 0x0000025cc4cc0000]
CodeHeap 'profiled nmethods': size=120000Kb used=45949Kb max_used=45949Kb free=74050Kb
 bounds [0x0000025cb6250000, 0x0000025cb8f40000, 0x0000025cbd780000]
CodeHeap 'non-nmethods': size=5696Kb used=2588Kb max_used=2638Kb free=3107Kb
 bounds [0x0000025cb5cc0000, 0x0000025cb5f60000, 0x0000025cb6250000]
 total_blobs=20724 nmethods=19560 adapters=1074
 compilation: enabled
              stopped_count=0, restarted_count=0
 full_count=0

Compilation events (20 events):
Event: 375.427 Thread 0x0000025ccbdca800 20614       3       org.gradle.internal.component.external.model.DefaultModuleComponentSelector::newSelector (43 bytes)
Event: 375.427 Thread 0x0000025ccbdca800 nmethod 20614 0x0000025cb8f26a10 code [0x0000025cb8f26c00, 0x0000025cb8f26e68]
Event: 375.429 Thread 0x0000025ccbdca800 20615  s    3       java.io.BufferedInputStream::available (35 bytes)
Event: 375.430 Thread 0x0000025ccbdca800 nmethod 20615 0x0000025cb8f26f90 code [0x0000025cb8f27180, 0x0000025cb8f27678]
Event: 375.430 Thread 0x0000025ccbdca800 20616       3       com.sun.org.apache.xerces.internal.util.SymbolTable::rehashCommon (114 bytes)
Event: 375.430 Thread 0x0000025ccbdca800 nmethod 20616 0x0000025cb8f27810 code [0x0000025cb8f27a20, 0x0000025cb8f28158]
Event: 375.454 Thread 0x0000025ccbdca800 20618       3       com.sun.org.apache.xerces.internal.dom.ElementImpl::normalize (169 bytes)
Event: 375.455 Thread 0x0000025ccbdca800 nmethod 20618 0x0000025cb8f28410 code [0x0000025cb8f28740, 0x0000025cb8f29d48]
Event: 375.459 Thread 0x0000025ccbdca800 20619       3       com.sun.org.apache.xerces.internal.dom.CoreDocumentImpl::getNodeListCache (69 bytes)
Event: 375.459 Thread 0x0000025ccbdca800 nmethod 20619 0x0000025cb8f2a290 code [0x0000025cb8f2a460, 0x0000025cb8f2a898]
Event: 375.459 Thread 0x0000025ccbdca800 20620       2       java.nio.charset.Charset::isSupported (13 bytes)
Event: 375.460 Thread 0x0000025ccbdca800 nmethod 20620 0x0000025cb8f2aa10 code [0x0000025cb8f2abc0, 0x0000025cb8f2acc8]
Event: 375.466 Thread 0x0000025ccbdca800 20622       2       java.util.Collections::indexedBinarySearch (83 bytes)
Event: 375.466 Thread 0x0000025ccbdca800 nmethod 20622 0x0000025cb8f2ad90 code [0x0000025cb8f2af60, 0x0000025cb8f2b1e8]
Event: 375.478 Thread 0x0000025ccbdca800 20623       3       org.gradle.api.internal.artifacts.ivyservice.modulecache.ModuleMetadataSerializer$Writer::writeNullableArtifact (29 bytes)
Event: 375.479 Thread 0x0000025ccbdca800 nmethod 20623 0x0000025cb8f2b390 code [0x0000025cb8f2b580, 0x0000025cb8f2b988]
Event: 375.506 Thread 0x0000025ccbdc7000 nmethod 20607 0x0000025cbe497690 code [0x0000025cbe497a80, 0x0000025cbe499d50]
Event: 375.506 Thread 0x0000025ccbdc7000 20617       4       java.util.regex.Pattern::compile (498 bytes)
Event: 375.545 Thread 0x0000025ccbdca800 20624       3       org.apache.http.message.ParserCursor::<init> (49 bytes)
Event: 375.545 Thread 0x0000025ccbdca800 nmethod 20624 0x0000025cb8f2bb10 code [0x0000025cb8f2bd00, 0x0000025cb8f2c078]

GC Heap History (20 events):
Event: 234.455 GC heap before
{Heap before GC invocations=110 (full 0):
 garbage-first heap   total 220160K, used 179989K [0x0000000080000000, 0x0000000100000000)
  region size 1024K, 57 young (58368K), 8 survivors (8192K)
 Metaspace       used 147814K, capacity 151015K, committed 151248K, reserved 649216K
  class space    used 18222K, capacity 19544K, committed 19584K, reserved 516096K
}
Event: 234.537 GC heap after
{Heap after GC invocations=111 (full 0):
 garbage-first heap   total 220160K, used 134533K [0x0000000080000000, 0x0000000100000000)
  region size 1024K, 4 young (4096K), 4 survivors (4096K)
 Metaspace       used 147814K, capacity 151015K, committed 151248K, reserved 649216K
  class space    used 18222K, capacity 19544K, committed 19584K, reserved 516096K
}
Event: 320.482 GC heap before
{Heap before GC invocations=111 (full 0):
 garbage-first heap   total 220160K, used 183685K [0x0000000080000000, 0x0000000100000000)
  region size 1024K, 51 young (52224K), 4 survivors (4096K)
 Metaspace       used 149398K, capacity 152748K, committed 152912K, reserved 651264K
  class space    used 18357K, capacity 19687K, committed 19712K, reserved 516096K
}
Event: 320.519 GC heap after
{Heap after GC invocations=112 (full 0):
 garbage-first heap   total 220160K, used 140897K [0x0000000080000000, 0x0000000100000000)
  region size 1024K, 7 young (7168K), 7 survivors (7168K)
 Metaspace       used 149398K, capacity 152748K, committed 152912K, reserved 651264K
  class space    used 18357K, capacity 19687K, committed 19712K, reserved 516096K
}
Event: 323.845 GC heap before
{Heap before GC invocations=112 (full 0):
 garbage-first heap   total 220160K, used 184929K [0x0000000080000000, 0x0000000100000000)
  region size 1024K, 50 young (51200K), 7 survivors (7168K)
 Metaspace       used 154617K, capacity 158068K, committed 158160K, reserved 655360K
  class space    used 18921K, capacity 20325K, committed 20352K, reserved 516096K
}
Event: 323.874 GC heap after
{Heap after GC invocations=113 (full 0):
 garbage-first heap   total 220160K, used 146374K [0x0000000080000000, 0x0000000100000000)
  region size 1024K, 6 young (6144K), 6 survivors (6144K)
 Metaspace       used 154617K, capacity 158068K, committed 158160K, reserved 655360K
  class space    used 18921K, capacity 20325K, committed 20352K, reserved 516096K
}
Event: 327.229 GC heap before
{Heap before GC invocations=113 (full 0):
 garbage-first heap   total 220160K, used 192454K [0x0000000080000000, 0x0000000100000000)
  region size 1024K, 44 young (45056K), 6 survivors (6144K)
 Metaspace       used 156899K, capacity 160267K, committed 160464K, reserved 657408K
  class space    used 19205K, capacity 20560K, committed 20608K, reserved 516096K
}
Event: 327.248 GC heap after
{Heap after GC invocations=114 (full 0):
 garbage-first heap   total 220160K, used 149631K [0x0000000080000000, 0x0000000100000000)
  region size 1024K, 5 young (5120K), 5 survivors (5120K)
 Metaspace       used 156899K, capacity 160267K, committed 160464K, reserved 657408K
  class space    used 19205K, capacity 20560K, committed 20608K, reserved 516096K
}
Event: 329.712 GC heap before
{Heap before GC invocations=114 (full 0):
 garbage-first heap   total 220160K, used 185471K [0x0000000080000000, 0x0000000100000000)
  region size 1024K, 40 young (40960K), 5 survivors (5120K)
 Metaspace       used 159925K, capacity 163312K, committed 163536K, reserved 659456K
  class space    used 19637K, capacity 21033K, committed 21120K, reserved 516096K
}
Event: 329.725 GC heap after
{Heap after GC invocations=115 (full 0):
 garbage-first heap   total 220160K, used 151552K [0x0000000080000000, 0x0000000100000000)
  region size 1024K, 2 young (2048K), 2 survivors (2048K)
 Metaspace       used 159925K, capacity 163312K, committed 163536K, reserved 659456K
  class space    used 19637K, capacity 21033K, committed 21120K, reserved 516096K
}
Event: 330.668 GC heap before
{Heap before GC invocations=115 (full 0):
 garbage-first heap   total 220160K, used 188416K [0x0000000080000000, 0x0000000100000000)
  region size 1024K, 38 young (38912K), 2 survivors (2048K)
 Metaspace       used 160066K, capacity 163603K, committed 163792K, reserved 659456K
  class space    used 19656K, capacity 21067K, committed 21120K, reserved 516096K
}
Event: 330.677 GC heap after
{Heap after GC invocations=116 (full 0):
 garbage-first heap   total 220160K, used 154261K [0x0000000080000000, 0x0000000100000000)
  region size 1024K, 5 young (5120K), 5 survivors (5120K)
 Metaspace       used 160066K, capacity 163603K, committed 163792K, reserved 659456K
  class space    used 19656K, capacity 21067K, committed 21120K, reserved 516096K
}
Event: 342.674 GC heap before
{Heap before GC invocations=116 (full 0):
 garbage-first heap   total 220160K, used 188053K [0x0000000080000000, 0x0000000100000000)
  region size 1024K, 38 young (38912K), 5 survivors (5120K)
 Metaspace       used 162851K, capacity 166399K, committed 166480K, reserved 661504K
  class space    used 20034K, capacity 21461K, committed 21504K, reserved 516096K
}
Event: 342.697 GC heap after
{Heap after GC invocations=117 (full 0):
 garbage-first heap   total 220160K, used 156511K [0x0000000080000000, 0x0000000100000000)
  region size 1024K, 3 young (3072K), 3 survivors (3072K)
 Metaspace       used 162851K, capacity 166399K, committed 166480K, reserved 661504K
  class space    used 20034K, capacity 21461K, committed 21504K, reserved 516096K
}
Event: 344.760 GC heap before
{Heap before GC invocations=117 (full 0):
 garbage-first heap   total 220160K, used 188255K [0x0000000080000000, 0x0000000100000000)
  region size 1024K, 34 young (34816K), 3 survivors (3072K)
 Metaspace       used 166614K, capacity 170114K, committed 170192K, reserved 665600K
  class space    used 20705K, capacity 22133K, committed 22144K, reserved 516096K
}
Event: 344.768 GC heap after
{Heap after GC invocations=118 (full 0):
 garbage-first heap   total 220160K, used 158298K [0x0000000080000000, 0x0000000100000000)
  region size 1024K, 5 young (5120K), 5 survivors (5120K)
 Metaspace       used 166614K, capacity 170114K, committed 170192K, reserved 665600K
  class space    used 20705K, capacity 22133K, committed 22144K, reserved 516096K
}
Event: 355.501 GC heap before
{Heap before GC invocations=118 (full 0):
 garbage-first heap   total 220160K, used 187994K [0x0000000080000000, 0x0000000100000000)
  region size 1024K, 35 young (35840K), 5 survivors (5120K)
 Metaspace       used 169139K, capacity 172918K, committed 173008K, reserved 667648K
  class space    used 20950K, capacity 22394K, committed 22400K, reserved 516096K
}
Event: 355.530 GC heap after
{Heap after GC invocations=119 (full 0):
 garbage-first heap   total 220160K, used 160371K [0x0000000080000000, 0x0000000100000000)
  region size 1024K, 4 young (4096K), 4 survivors (4096K)
 Metaspace       used 169139K, capacity 172918K, committed 173008K, reserved 667648K
  class space    used 20950K, capacity 22394K, committed 22400K, reserved 516096K
}
Event: 368.299 GC heap before
{Heap before GC invocations=119 (full 0):
 garbage-first heap   total 220160K, used 190067K [0x0000000080000000, 0x0000000100000000)
  region size 1024K, 34 young (34816K), 4 survivors (4096K)
 Metaspace       used 169473K, capacity 173194K, committed 173264K, reserved 667648K
  class space    used 20954K, capacity 22397K, committed 22400K, reserved 516096K
}
Event: 368.349 GC heap after
{Heap after GC invocations=120 (full 0):
 garbage-first heap   total 220160K, used 161528K [0x0000000080000000, 0x0000000100000000)
  region size 1024K, 4 young (4096K), 4 survivors (4096K)
 Metaspace       used 169473K, capacity 173194K, committed 173264K, reserved 667648K
  class space    used 20954K, capacity 22397K, committed 22400K, reserved 516096K
}

Deoptimization events (20 events):
Event: 374.469 Thread 0x0000025cce969000 Uncommon trap: trap_request=0xffffffbe fr.pc=0x0000025cbe485824 relative=0x0000000000000264
Event: 374.469 Thread 0x0000025cce969000 Uncommon trap: reason=profile_predicate action=maybe_recompile pc=0x0000025cbe485824 method=java.util.Collections.indexedBinarySearch(Ljava/util/List;Ljava/lang/Object;)I @ 13 c2
Event: 374.469 Thread 0x0000025cce969000 DEOPT PACKING pc=0x0000025cbe485824 sp=0x000000f4e7afe340
Event: 374.469 Thread 0x0000025cce969000 DEOPT UNPACKING pc=0x0000025cb5d0a1af sp=0x000000f4e7afe2c0 mode 2
Event: 374.622 Thread 0x0000025cce969000 Uncommon trap: trap_request=0xffffffbe fr.pc=0x0000025cbe485824 relative=0x0000000000000264
Event: 374.622 Thread 0x0000025cce969000 Uncommon trap: reason=profile_predicate action=maybe_recompile pc=0x0000025cbe485824 method=java.util.Collections.indexedBinarySearch(Ljava/util/List;Ljava/lang/Object;)I @ 13 c2
Event: 374.622 Thread 0x0000025cce969000 DEOPT PACKING pc=0x0000025cbe485824 sp=0x000000f4e7afe340
Event: 374.622 Thread 0x0000025cce969000 DEOPT UNPACKING pc=0x0000025cb5d0a1af sp=0x000000f4e7afe2c0 mode 2
Event: 374.765 Thread 0x0000025cce969000 Uncommon trap: trap_request=0xffffffbe fr.pc=0x0000025cbe485824 relative=0x0000000000000264
Event: 374.765 Thread 0x0000025cce969000 Uncommon trap: reason=profile_predicate action=maybe_recompile pc=0x0000025cbe485824 method=java.util.Collections.indexedBinarySearch(Ljava/util/List;Ljava/lang/Object;)I @ 13 c2
Event: 374.765 Thread 0x0000025cce969000 DEOPT PACKING pc=0x0000025cbe485824 sp=0x000000f4e7afe340
Event: 374.765 Thread 0x0000025cce969000 DEOPT UNPACKING pc=0x0000025cb5d0a1af sp=0x000000f4e7afe2c0 mode 2
Event: 374.906 Thread 0x0000025cce969000 Uncommon trap: trap_request=0xffffffbe fr.pc=0x0000025cbe485824 relative=0x0000000000000264
Event: 374.906 Thread 0x0000025cce969000 Uncommon trap: reason=profile_predicate action=maybe_recompile pc=0x0000025cbe485824 method=java.util.Collections.indexedBinarySearch(Ljava/util/List;Ljava/lang/Object;)I @ 13 c2
Event: 374.906 Thread 0x0000025cce969000 DEOPT PACKING pc=0x0000025cbe485824 sp=0x000000f4e7afe340
Event: 374.906 Thread 0x0000025cce969000 DEOPT UNPACKING pc=0x0000025cb5d0a1af sp=0x000000f4e7afe2c0 mode 2
Event: 374.937 Thread 0x0000025ce34c3000 Uncommon trap: trap_request=0xffffff4d fr.pc=0x0000025cbe3dfe8c relative=0x00000000000004cc
Event: 374.937 Thread 0x0000025ce34c3000 Uncommon trap: reason=unstable_if action=reinterpret pc=0x0000025cbe3dfe8c method=com.sun.org.apache.xerces.internal.dom.ParentNode.nodeListGetLength()I @ 22 c2
Event: 374.937 Thread 0x0000025ce34c3000 DEOPT PACKING pc=0x0000025cbe3dfe8c sp=0x000000f4eb1fba80
Event: 374.937 Thread 0x0000025ce34c3000 DEOPT UNPACKING pc=0x0000025cb5d0a1af sp=0x000000f4eb1fba38 mode 2

Classes redefined (0 events):
No events

Internal exceptions (20 events):
Event: 349.038 Thread 0x0000025ccdcdb800 Implicit null exception at 0x0000025cbd9b886b to 0x0000025cbd9b888c
Event: 350.562 Thread 0x0000025cd063a800 Exception <a 'java/net/SocketTimeoutException'{0x000000008c030098}: Read timed out> (0x000000008c030098) thrown at [s\src\hotspot\share\prims\jni.cpp, line 638]
Event: 353.322 Thread 0x0000025ce34ce800 Exception <a 'java/net/SocketTimeoutException'{0x000000008bb099a8}: Read timed out> (0x000000008bb099a8) thrown at [s\src\hotspot\share\prims\jni.cpp, line 638]
Event: 357.023 Thread 0x0000025cd063b800 Exception <a 'java/net/SocketTimeoutException'{0x000000008d43dad8}: Read timed out> (0x000000008d43dad8) thrown at [s\src\hotspot\share\prims\jni.cpp, line 638]
Event: 357.117 Thread 0x0000025ce34cf800 Exception <a 'java/net/SocketTimeoutException'{0x000000008d479258}: Read timed out> (0x000000008d479258) thrown at [s\src\hotspot\share\prims\jni.cpp, line 638]
Event: 357.132 Thread 0x0000025ce34c5800 Exception <a 'java/net/SocketTimeoutException'{0x000000008d4c29b8}: Read timed out> (0x000000008d4c29b8) thrown at [s\src\hotspot\share\prims\jni.cpp, line 638]
Event: 357.966 Thread 0x0000025ce34c7000 Exception <a 'java/net/SocketTimeoutException'{0x000000008d176560}: Read timed out> (0x000000008d176560) thrown at [s\src\hotspot\share\prims\jni.cpp, line 638]
Event: 359.016 Thread 0x0000025ccebfb800 Exception <a 'java/net/SocketTimeoutException'{0x000000008cf3f908}: Read timed out> (0x000000008cf3f908) thrown at [s\src\hotspot\share\prims\jni.cpp, line 638]
Event: 361.217 Thread 0x0000025cd063e000 Exception <a 'java/net/SocketTimeoutException'{0x000000008c71dd98}: Read timed out> (0x000000008c71dd98) thrown at [s\src\hotspot\share\prims\jni.cpp, line 638]
Event: 361.974 Thread 0x0000025ce34c8000 Exception <a 'java/net/SocketTimeoutException'{0x000000008c498318}: Read timed out> (0x000000008c498318) thrown at [s\src\hotspot\share\prims\jni.cpp, line 638]
Event: 363.119 Thread 0x0000025cd0642000 Exception <a 'java/net/SocketTimeoutException'{0x000000008c179e60}: Read timed out> (0x000000008c179e60) thrown at [s\src\hotspot\share\prims\jni.cpp, line 638]
Event: 365.621 Thread 0x0000025ccebff000 Exception <a 'java/net/SocketTimeoutException'{0x000000008bd25e08}: Read timed out> (0x000000008bd25e08) thrown at [s\src\hotspot\share\prims\jni.cpp, line 638]
Event: 365.621 Thread 0x0000025cd063a800 Exception <a 'java/net/SocketTimeoutException'{0x000000008bd28028}: Read timed out> (0x000000008bd28028) thrown at [s\src\hotspot\share\prims\jni.cpp, line 638]
Event: 365.652 Thread 0x0000025ce34cd800 Exception <a 'java/net/SocketTimeoutException'{0x000000008bdc1b68}: Read timed out> (0x000000008bdc1b68) thrown at [s\src\hotspot\share\prims\jni.cpp, line 638]
Event: 365.683 Thread 0x0000025ce34cc000 Exception <a 'java/net/SocketTimeoutException'{0x000000008bdebb80}: Read timed out> (0x000000008bdebb80) thrown at [s\src\hotspot\share\prims\jni.cpp, line 638]
Event: 368.064 Thread 0x0000025ccebfe000 Exception <a 'java/net/SocketTimeoutException'{0x000000008b979e80}: Read timed out> (0x000000008b979e80) thrown at [s\src\hotspot\share\prims\jni.cpp, line 638]
Event: 368.080 Thread 0x0000025ce34cc000 Exception <a 'java/net/SocketTimeoutException'{0x000000008b9889a0}: Read timed out> (0x000000008b9889a0) thrown at [s\src\hotspot\share\prims\jni.cpp, line 638]
Event: 371.568 Thread 0x0000025ce34ca800 Exception <a 'java/net/SocketTimeoutException'{0x000000008d25bed0}: Read timed out> (0x000000008d25bed0) thrown at [s\src\hotspot\share\prims\jni.cpp, line 638]
Event: 374.309 Thread 0x0000025ce34cf800 Exception <a 'java/net/SocketTimeoutException'{0x000000008cbfc8c8}: Read timed out> (0x000000008cbfc8c8) thrown at [s\src\hotspot\share\prims\jni.cpp, line 638]
Event: 374.449 Thread 0x0000025ccdcdb800 Exception <a 'java/net/SocketTimeoutException'{0x000000008ca0c8e8}: Read timed out> (0x000000008ca0c8e8) thrown at [s\src\hotspot\share\prims\jni.cpp, line 638]

Events (20 events):
Event: 369.991 Executing VM operation: RevokeBias done
Event: 369.991 Executing VM operation: RevokeBias
Event: 369.992 Executing VM operation: RevokeBias done
Event: 372.377 Thread 0x0000025ce1d48800 Thread added: 0x0000025ce1d48800
Event: 373.634 Executing VM operation: RevokeBias
Event: 373.635 Executing VM operation: RevokeBias done
Event: 373.713 Executing VM operation: RevokeBias
Event: 373.714 Executing VM operation: RevokeBias done
Event: 374.910 Executing VM operation: RevokeBias
Event: 374.911 Executing VM operation: RevokeBias done
Event: 374.920 Executing VM operation: RevokeBias
Event: 374.921 Executing VM operation: RevokeBias done
Event: 374.945 Executing VM operation: RevokeBias
Event: 374.946 Executing VM operation: RevokeBias done
Event: 374.950 Executing VM operation: RevokeBias
Event: 374.951 Executing VM operation: RevokeBias done
Event: 375.423 Executing VM operation: RevokeBias
Event: 375.423 Executing VM operation: RevokeBias done
Event: 375.427 Executing VM operation: RevokeBias
Event: 375.427 Executing VM operation: RevokeBias done


Dynamic libraries:
0x00007ff6808b0000 - 0x00007ff6808bd000 	C:\Program Files\Microsoft\jdk-11.0.20.8-hotspot\bin\java.exe
0x00007ffca0810000 - 0x00007ffca0a07000 	C:\Windows\SYSTEM32\ntdll.dll
0x00007ffc9fe80000 - 0x00007ffc9ff3d000 	C:\Windows\System32\KERNEL32.DLL
0x00007ffc9e090000 - 0x00007ffc9e386000 	C:\Windows\System32\KERNELBASE.dll
0x00007ffc9e390000 - 0x00007ffc9e490000 	C:\Windows\System32\ucrtbase.dll
0x00007ffc76b90000 - 0x00007ffc76ba7000 	C:\Program Files\Microsoft\jdk-11.0.20.8-hotspot\bin\jli.dll
0x00007ffc9ed10000 - 0x00007ffc9eeae000 	C:\Windows\System32\USER32.dll
0x00007ffc708c0000 - 0x00007ffc708d5000 	C:\Program Files\Microsoft\jdk-11.0.20.8-hotspot\bin\VCRUNTIME140.dll
0x00007ffc9e490000 - 0x00007ffc9e4b2000 	C:\Windows\System32\win32u.dll
0x00007ffc9eeb0000 - 0x00007ffc9eedc000 	C:\Windows\System32\GDI32.dll
0x00007ffc9e6d0000 - 0x00007ffc9e7ea000 	C:\Windows\System32\gdi32full.dll
0x00007ffc95e00000 - 0x00007ffc9609a000 	C:\Windows\WinSxS\amd64_microsoft.windows.common-controls_6595b64144ccf1df_6.0.19041.3570_none_60bb2a3971f3e41a\COMCTL32.dll
0x00007ffca02a0000 - 0x00007ffca033e000 	C:\Windows\System32\msvcrt.dll
0x00007ffc9def0000 - 0x00007ffc9df8d000 	C:\Windows\System32\msvcp_win.dll
0x00007ffca0480000 - 0x00007ffca04b0000 	C:\Windows\System32\IMM32.DLL
0x00007ffc64ab0000 - 0x00007ffc64b4b000 	C:\Program Files\Microsoft\jdk-11.0.20.8-hotspot\bin\msvcp140.dll
0x00007ffc5f8a0000 - 0x00007ffc60436000 	C:\Program Files\Microsoft\jdk-11.0.20.8-hotspot\bin\server\jvm.dll
0x00007ffc9e870000 - 0x00007ffc9e91e000 	C:\Windows\System32\ADVAPI32.dll
0x00007ffc9fd50000 - 0x00007ffc9fdec000 	C:\Windows\System32\sechost.dll
0x00007ffca0510000 - 0x00007ffca0636000 	C:\Windows\System32\RPCRT4.dll
0x00007ffc9fe70000 - 0x00007ffc9fe78000 	C:\Windows\System32\PSAPI.DLL
0x00007ffc994c0000 - 0x00007ffc994c9000 	C:\Windows\SYSTEM32\WSOCK32.dll
0x00007ffc8b830000 - 0x00007ffc8b857000 	C:\Windows\SYSTEM32\WINMM.dll
0x00007ffc9fe00000 - 0x00007ffc9fe6b000 	C:\Windows\System32\WS2_32.dll
0x00007ffc99160000 - 0x00007ffc9916a000 	C:\Windows\SYSTEM32\VERSION.dll
0x00007ffc9c720000 - 0x00007ffc9c732000 	C:\Windows\SYSTEM32\kernel.appcore.dll
0x00007ffc87650000 - 0x00007ffc87660000 	C:\Program Files\Microsoft\jdk-11.0.20.8-hotspot\bin\verify.dll
0x00007ffc9b3b0000 - 0x00007ffc9b594000 	C:\Windows\SYSTEM32\DBGHELP.DLL
0x00007ffc8a3e0000 - 0x00007ffc8a414000 	C:\Windows\SYSTEM32\dbgcore.DLL
0x00007ffc9df90000 - 0x00007ffc9e012000 	C:\Windows\System32\bcryptPrimitives.dll
0x00007ffc6ea30000 - 0x00007ffc6ea58000 	C:\Program Files\Microsoft\jdk-11.0.20.8-hotspot\bin\java.dll
0x00007ffc81ff0000 - 0x00007ffc81ffa000 	C:\Program Files\Microsoft\jdk-11.0.20.8-hotspot\bin\jimage.dll
0x00007ffc6eb40000 - 0x00007ffc6eb58000 	C:\Program Files\Microsoft\jdk-11.0.20.8-hotspot\bin\zip.dll
0x00007ffc9ef90000 - 0x00007ffc9f6d4000 	C:\Windows\System32\SHELL32.dll
0x00007ffc9bf40000 - 0x00007ffc9c6db000 	C:\Windows\SYSTEM32\windows.storage.dll
0x00007ffc9ff40000 - 0x00007ffca0294000 	C:\Windows\System32\combase.dll
0x00007ffc9d860000 - 0x00007ffc9d88d000 	C:\Windows\SYSTEM32\Wldp.dll
0x00007ffc9eee0000 - 0x00007ffc9ef8d000 	C:\Windows\System32\SHCORE.dll
0x00007ffca04b0000 - 0x00007ffca0505000 	C:\Windows\System32\shlwapi.dll
0x00007ffc9de20000 - 0x00007ffc9de45000 	C:\Windows\SYSTEM32\profapi.dll
0x00007ffc6ea10000 - 0x00007ffc6ea29000 	C:\Program Files\Microsoft\jdk-11.0.20.8-hotspot\bin\net.dll
0x00007ffc8df70000 - 0x00007ffc8e07a000 	C:\Windows\SYSTEM32\WINHTTP.dll
0x00007ffc9d5c0000 - 0x00007ffc9d62a000 	C:\Windows\system32\mswsock.dll
0x00007ffc6e9f0000 - 0x00007ffc6ea03000 	C:\Program Files\Microsoft\jdk-11.0.20.8-hotspot\bin\nio.dll
0x00007ffc73740000 - 0x00007ffc73767000 	C:\Users\dell\.gradle\native\68d5fa5c4cc2d200863cafc0d521ce42e7d3e7ee720ec0a83991735586a16f82\windows-amd64\native-platform.dll
0x00007ffc72190000 - 0x00007ffc722d4000 	C:\Users\dell\.gradle\native\e376f236ea51e6404a007f0833ffe2c6e607c4080706a723a18a27aeea778392\windows-amd64\native-platform-file-events.dll
0x00007ffc81920000 - 0x00007ffc81929000 	C:\Program Files\Microsoft\jdk-11.0.20.8-hotspot\bin\management.dll
0x00007ffc812d0000 - 0x00007ffc812db000 	C:\Program Files\Microsoft\jdk-11.0.20.8-hotspot\bin\management_ext.dll
0x00007ffc9d7c0000 - 0x00007ffc9d7d8000 	C:\Windows\SYSTEM32\CRYPTSP.dll
0x00007ffc9ced0000 - 0x00007ffc9cf04000 	C:\Windows\system32\rsaenh.dll
0x00007ffc9e840000 - 0x00007ffc9e867000 	C:\Windows\System32\bcrypt.dll
0x00007ffc9dda0000 - 0x00007ffc9ddce000 	C:\Windows\SYSTEM32\USERENV.dll
0x00007ffc9d7b0000 - 0x00007ffc9d7bc000 	C:\Windows\SYSTEM32\CRYPTBASE.dll
0x00007ffc9d2b0000 - 0x00007ffc9d2eb000 	C:\Windows\SYSTEM32\IPHLPAPI.DLL
0x00007ffc9ed00000 - 0x00007ffc9ed08000 	C:\Windows\System32\NSI.dll
0x00007ffc8e300000 - 0x00007ffc8e317000 	C:\Windows\SYSTEM32\dhcpcsvc6.DLL
0x00007ffc8e860000 - 0x00007ffc8e87d000 	C:\Windows\SYSTEM32\dhcpcsvc.DLL
0x00007ffc9d2f0000 - 0x00007ffc9d3ba000 	C:\Windows\SYSTEM32\DNSAPI.dll
0x00007ffc705e0000 - 0x00007ffc70605000 	C:\Program Files\Microsoft\jdk-11.0.20.8-hotspot\bin\sunec.dll
0x00007ffc8d340000 - 0x00007ffc8d34a000 	C:\Windows\System32\rasadhlp.dll
0x00007ffc8d360000 - 0x00007ffc8d3e2000 	C:\Windows\System32\fwpuclnt.dll
0x00007ffc755d0000 - 0x00007ffc755de000 	C:\Program Files\Microsoft\jdk-11.0.20.8-hotspot\bin\sunmscapi.dll
0x00007ffc9e570000 - 0x00007ffc9e6cd000 	C:\Windows\System32\CRYPT32.dll
0x00007ffc9d930000 - 0x00007ffc9d957000 	C:\Windows\SYSTEM32\ncrypt.dll
0x00007ffc9d8f0000 - 0x00007ffc9d92b000 	C:\Windows\SYSTEM32\NTASN1.dll
0x00007ffc73650000 - 0x00007ffc7366e000 	C:\Users\dell\AppData\Local\Temp\native-platform10538067503308854598dir\native-platform.dll
0x00007ffc74d40000 - 0x00007ffc74d47000 	C:\Program Files\Microsoft\jdk-11.0.20.8-hotspot\bin\rmi.dll

dbghelp: loaded successfully - version: 4.0.5 - missing functions: none
symbol engine: initialized successfully - sym options: 0x614 - pdb path: .;C:\Program Files\Microsoft\jdk-11.0.20.8-hotspot\bin;C:\Windows\SYSTEM32;C:\Windows\WinSxS\amd64_microsoft.windows.common-controls_6595b64144ccf1df_6.0.19041.3570_none_60bb2a3971f3e41a;C:\Program Files\Microsoft\jdk-11.0.20.8-hotspot\bin\server;C:\Users\dell\.gradle\native\68d5fa5c4cc2d200863cafc0d521ce42e7d3e7ee720ec0a83991735586a16f82\windows-amd64;C:\Users\dell\.gradle\native\e376f236ea51e6404a007f0833ffe2c6e607c4080706a723a18a27aeea778392\windows-amd64;C:\Users\dell\AppData\Local\Temp\native-platform10538067503308854598dir

VM Arguments:
jvm_args: -XX:MaxMetaspaceSize=512m --add-opens=java.base/java.util=ALL-UNNAMED --add-opens=java.base/java.lang=ALL-UNNAMED --add-opens=java.base/java.lang.invoke=ALL-UNNAMED --add-opens=java.prefs/java.util.prefs=ALL-UNNAMED --add-opens=java.base/java.nio.charset=ALL-UNNAMED --add-opens=java.base/java.net=ALL-UNNAMED --add-opens=java.base/java.util.concurrent.atomic=ALL-UNNAMED -Xmx2048m -Dfile.encoding=windows-1252 -Duser.country=US -Duser.language=en -Duser.variant 
java_command: org.gradle.launcher.daemon.bootstrap.GradleDaemon 8.0.1
java_class_path (initial): C:\Users\dell\.gradle\wrapper\dists\gradle-8.0.1-all\aro4hu1c3oeioove7l0i4i14o\gradle-8.0.1\lib\gradle-launcher-8.0.1.jar
Launcher Type: SUN_STANDARD

[Global flags]
     intx CICompilerCount                          = 3                                         {product} {ergonomic}
   size_t CompressedClassSpaceSize                 = 528482304                                 {product} {ergonomic}
     uint ConcGCThreads                            = 1                                         {product} {ergonomic}
     uint G1ConcRefinementThreads                  = 4                                         {product} {ergonomic}
   size_t G1HeapRegionSize                         = 1048576                                   {product} {ergonomic}
    uintx GCDrainStackTargetSize                   = 64                                        {product} {ergonomic}
   size_t InitialHeapSize                          = 130023424                                 {product} {ergonomic}
   size_t MarkStackSize                            = 4194304                                   {product} {ergonomic}
   size_t MaxHeapSize                              = 2147483648                                {product} {command line}
   size_t MaxMetaspaceSize                         = 536870912                                 {product} {command line}
   size_t MaxNewSize                               = 1287651328                                {product} {ergonomic}
   size_t MinHeapDeltaBytes                        = 1048576                                   {product} {ergonomic}
    uintx NonNMethodCodeHeapSize                   = 5830732                                {pd product} {ergonomic}
    uintx NonProfiledCodeHeapSize                  = 122913754                              {pd product} {ergonomic}
    uintx ProfiledCodeHeapSize                     = 122913754                              {pd product} {ergonomic}
    uintx ReservedCodeCacheSize                    = 251658240                              {pd product} {ergonomic}
     bool SegmentedCodeCache                       = true                                      {product} {ergonomic}
     bool UseCompressedClassPointers               = true                                 {lp64_product} {ergonomic}
     bool UseCompressedOops                        = true                                 {lp64_product} {ergonomic}
     bool UseG1GC                                  = true                                      {product} {ergonomic}
     bool UseLargePagesIndividualAllocation        = false                                  {pd product} {ergonomic}

Logging:
Log output configuration:
 #0: stdout all=warning uptime,level,tags
 #1: stderr all=off uptime,level,tags

Environment Variables:
JAVA_HOME=C:\Program Files\Microsoft\jdk-11.0.20.8-hotspot\
CLASSPATH=G:\Goollooper-App\goollooper-app\android\\gradle\wrapper\gradle-wrapper.jar
PATH=G:\Goollooper-App\goollooper-app\node_modules\.bin;G:\Goollooper-App\goollooper-app\node_modules\.bin;G:\Goollooper-App\node_modules\.bin;G:\node_modules\.bin;C:\Program Files\nodejs\node_modules\npm\node_modules\@npmcli\run-script\lib\node-gyp-bin;C:\Program Files\Microsoft\jdk-11.0.20.8-hotspot\bin;C:\Python312\Scripts\;C:\Python312\;C:\Python311\Scripts\;C:\Python311\;C:\Program Files\Common Files\Oracle\Java\javapath;C:\Program Files (x86)\Common Files\Oracle\Java\javapath;C:\Windows\system32;C:\Windows;C:\Windows\System32\Wbem;C:\Windows\System32\WindowsPowerShell\v1.0\;C:\Windows\System32\OpenSSH\;C:\Program Files\dotnet\;C:\Program Files\Git\cmd;C:\Program Files\MongoDB\Server\6.0\bin;C:\mongosh-1.8.0-win32-x64\bin;C:\ProgramData\chocolatey\bin;C:\Program Files\Microsoft\jdk-11.0.20.8-hotspot\\bin;C:\Program Files\nodejs\;C:\Users\dell\AppData\Local\Microsoft\WindowsApps;C:\Users\dell\AppData\Local\GitHubDesktop\bin;C:\Users\dell\AppData\Local\Programs\Microsoft VS Code\bin;C:\Users\dell\AppData\Roaming\npm;D:\Android\Sdk\platform-tools;
USERNAME=dell
LANG=en_US.UTF-8
OS=Windows_NT
PROCESSOR_IDENTIFIER=Intel64 Family 6 Model 78 Stepping 3, GenuineIntel
TMP=C:\Users\dell\AppData\Local\Temp
TEMP=C:\Users\dell\AppData\Local\Temp



---------------  S Y S T E M  ---------------

OS: Windows 10 , 64 bit Build 19041 (10.0.19041.3570)
OS uptime: 2 days 19:18 hours

CPU:total 4 (initial active 4) (2 cores per cpu, 2 threads per core) family 6 model 78 stepping 3 microcode 0xd6, cmov, cx8, fxsr, mmx, sse, sse2, sse3, ssse3, sse4.1, sse4.2, popcnt, avx, avx2, aes, clmul, erms, rtm, 3dnowpref, lzcnt, ht, tsc, tscinvbit, bmi1, bmi2, adx, fma

Memory: 4k page, system-wide physical 7853M (187M free)
TotalPageFile size 20284M (AvailPageFile size 0M)
current process WorkingSet (physical memory assigned to process): 266M, peak: 495M
current process commit charge ("private bytes"): 636M, peak: 637M

vm_info: OpenJDK 64-Bit Server VM (11.0.20+8-LTS) for windows-amd64 JRE (11.0.20+8-LTS), built on Jul  7 2023 17:05:21 by "MicrosoftCorporation" with MS VC++ 15.9 (VS2017)

END.
